SF:lib/src/helpers/compare_mixin.dart
DA:8,4
DA:9,16
DA:16,22
DA:22,22
DA:23,44
DA:26,39
DA:27,22
DA:28,22
DA:31,34
DA:32,12
DA:35,42
DA:36,7
DA:39,57
DA:43,19
DA:53,22
DA:54,22
DA:60,4
DA:62,4
DA:63,2
DA:64,10
DA:65,4
DA:66,8
DA:72,4
DA:73,0
DA:76,4
DA:77,4
DA:78,4
DA:81,4
DA:85,12
DA:86,16
DA:88,8
DA:92,4
DA:93,16
DA:94,8
DA:96,16
DA:102,3
DA:103,9
DA:105,5
DA:107,10
DA:108,1
DA:110,2
DA:114,3
DA:116,3
DA:127,4
DA:130,42
DA:133,39
DA:134,117
DA:135,114
DA:139,9
DA:140,45
DA:143,0
DA:144,0
DA:147,0
DA:149,0
DA:150,0
DA:151,0
DA:153,0
DA:154,0
DA:155,0
DA:157,0
DA:158,0
DA:159,0
DA:161,0
DA:162,0
DA:163,0
DA:164,0
DA:168,0
DA:175,4
DA:177,16
LF:69
LH:51
end_of_record
SF:lib/src/helpers/string_ext.dart
DA:25,36
DA:27,24
DA:28,12
DA:29,12
DA:30,12
DA:36,12
DA:37,12
DA:38,12
DA:39,24
DA:41,36
DA:42,12
DA:43,60
DA:45,24
DA:49,12
DA:52,24
DA:53,24
DA:56,24
DA:57,12
DA:65,6
DA:68,6
DA:71,3
DA:72,15
DA:73,3
DA:74,9
DA:77,3
DA:81,18
DA:84,4
DA:85,4
DA:86,8
DA:87,8
DA:89,12
DA:90,20
DA:94,8
DA:97,8
DA:100,44
DA:103,3
DA:104,15
DA:107,1
DA:108,2
DA:109,1
DA:111,3
DA:113,1
DA:120,55
DA:123,10
LF:44
LH:44
end_of_record
SF:lib/src/attributes/border/border_attribute.dart
DA:10,2
DA:12,3
DA:14,3
DA:16,3
DA:18,3
DA:20,0
DA:22,0
DA:24,1
DA:26,4
DA:29,1
DA:30,2
DA:32,0
DA:33,0
LF:13
LH:9
end_of_record
SF:lib/src/attributes/border/border_dto.dart
DA:21,6
DA:30,2
DA:31,2
DA:32,2
DA:33,4
DA:34,4
DA:35,4
DA:36,4
DA:40,1
DA:41,1
DA:42,2
DA:43,2
DA:44,2
DA:45,2
DA:49,0
DA:56,1
DA:57,1
DA:60,12
DA:62,8
DA:64,8
DA:66,3
DA:67,6
DA:70,0
DA:77,3
DA:80,3
DA:81,3
DA:82,3
DA:83,3
DA:84,3
DA:85,3
DA:86,3
DA:87,3
DA:91,0
DA:92,0
DA:93,0
DA:94,0
DA:95,0
DA:96,0
DA:103,3
DA:105,3
DA:106,2
DA:107,4
DA:108,4
DA:109,4
DA:110,4
DA:114,3
DA:115,6
DA:116,6
DA:117,6
DA:118,6
DA:122,1
DA:123,7
DA:133,7
DA:140,3
DA:141,3
DA:142,6
DA:143,3
DA:144,3
DA:145,3
DA:149,1
DA:155,1
DA:156,0
DA:157,1
DA:158,1
DA:159,0
DA:163,1
DA:167,1
DA:168,3
DA:169,2
DA:170,1
DA:171,1
DA:175,4
DA:179,4
DA:180,9
DA:181,4
DA:182,6
DA:183,7
DA:187,1
DA:188,5
LF:79
LH:69
end_of_record
SF:lib/src/attributes/border/border_radius_attribute.dart
DA:12,2
DA:14,0
DA:17,0
DA:18,0
DA:22,0
DA:25,0
DA:28,2
DA:29,4
DA:31,2
DA:32,4
DA:34,2
DA:35,4
DA:37,2
DA:38,4
DA:40,2
DA:41,4
DA:43,2
DA:44,4
DA:46,2
DA:47,4
DA:49,2
DA:50,4
DA:52,1
DA:56,4
DA:59,1
DA:60,2
DA:62,1
DA:63,2
DA:67,1
DA:69,1
DA:70,1
DA:71,1
DA:80,1
DA:86,1
DA:87,1
DA:96,1
DA:97,1
DA:105,1
DA:106,1
DA:114,1
DA:115,2
DA:120,1
DA:122,1
DA:123,1
DA:124,1
DA:133,1
DA:139,1
DA:140,1
DA:149,1
DA:153,1
DA:161,1
DA:165,1
DA:173,1
DA:174,2
LF:54
LH:49
end_of_record
SF:lib/src/attributes/border/border_radius_dto.dart
DA:20,4
DA:31,1
DA:32,1
DA:33,1
DA:34,1
DA:35,1
DA:36,1
DA:37,1
DA:41,0
DA:42,0
DA:43,0
DA:44,0
DA:45,0
DA:46,0
DA:50,0
DA:57,1
DA:58,1
DA:61,2
DA:62,2
DA:63,2
DA:64,2
DA:65,2
DA:67,2
DA:71,2
DA:72,3
DA:73,3
DA:74,3
DA:75,3
DA:76,4
DA:77,4
DA:78,4
DA:79,4
DA:83,2
DA:87,2
DA:88,1
DA:89,1
DA:90,1
DA:91,1
DA:92,1
DA:94,2
DA:95,2
DA:96,2
DA:97,2
DA:98,2
DA:102,2
DA:103,2
DA:104,2
DA:105,2
DA:106,2
DA:107,2
DA:108,2
DA:109,2
DA:110,2
DA:111,2
LF:54
LH:47
end_of_record
SF:lib/src/attributes/border/border_radius_util.dart
DA:32,56
DA:33,1
DA:47,1
DA:48,2
DA:62,1
DA:63,3
DA:77,1
DA:78,3
DA:92,1
DA:93,3
DA:107,1
DA:108,3
DA:122,1
DA:123,3
DA:142,1
DA:143,1
DA:144,2
DA:159,1
DA:160,1
DA:161,2
DA:176,1
DA:177,1
DA:178,2
DA:193,1
DA:194,1
DA:195,2
DA:200,3
DA:203,2
DA:209,4
DA:210,2
DA:241,2
DA:266,2
DA:267,2
DA:268,2
DA:269,2
DA:270,2
DA:277,1
DA:278,1
DA:291,1
DA:292,3
DA:306,1
DA:307,3
DA:321,1
DA:322,3
DA:336,1
DA:337,3
DA:351,1
DA:352,3
DA:360,0
DA:385,0
DA:386,0
DA:387,0
DA:388,0
DA:389,0
DA:390,0
DA:396,1
DA:402,2
DA:403,1
DA:412,3
LF:59
LH:52
end_of_record
SF:lib/src/attributes/border/border_util.dart
DA:37,57
DA:39,1
DA:43,1
DA:51,2
DA:52,2
DA:76,2
DA:77,10
DA:102,1
DA:103,3
DA:128,1
DA:129,3
DA:154,1
DA:155,3
DA:180,1
DA:181,3
DA:204,0
DA:205,0
DA:227,0
DA:250,1
DA:251,5
DA:275,1
DA:276,1
DA:277,4
DA:281,0
DA:282,0
DA:285,1
DA:293,2
DA:294,1
DA:321,0
DA:327,0
DA:359,2
DA:361,1
DA:367,3
DA:392,4
DA:409,1
DA:410,3
DA:424,2
DA:438,2
DA:457,2
DA:463,2
DA:464,2
DA:470,4
LF:42
LH:35
end_of_record
SF:lib/src/attributes/color/color_dto.dart
DA:10,17
DA:12,4
DA:13,4
DA:15,13
DA:17,13
DA:19,13
DA:22,3
DA:24,4
DA:27,6
DA:28,12
LF:10
LH:10
end_of_record
SF:lib/src/attributes/constraints/constraints_attribute.dart
DA:11,3
DA:18,3
DA:20,0
DA:21,0
DA:23,0
DA:24,0
DA:27,1
DA:31,4
DA:34,1
DA:36,2
DA:42,0
DA:44,0
DA:45,0
DA:51,0
DA:53,0
DA:54,0
LF:16
LH:6
end_of_record
SF:lib/src/attributes/constraints/constraints_util.dart
DA:29,55
DA:30,0
DA:43,2
DA:57,2
DA:71,2
DA:85,2
DA:87,1
DA:93,2
DA:94,1
LF:9
LH:8
end_of_record
SF:lib/src/attributes/decoration/decoration_attribute.dart
DA:12,2
DA:14,1
DA:18,5
DA:19,4
DA:23,1
DA:25,2
LF:6
LH:6
end_of_record
SF:lib/src/attributes/decoration/decoration_util.dart
DA:20,54
DA:21,0
DA:23,0
DA:24,0
DA:25,0
DA:29,0
DA:30,0
DA:31,0
DA:38,1
DA:39,0
DA:41,1
DA:49,2
DA:50,1
DA:61,0
DA:62,0
DA:65,1
DA:66,3
DA:69,1
DA:70,1
DA:71,2
DA:75,1
DA:76,3
DA:79,1
DA:80,2
DA:81,1
DA:85,1
DA:86,2
DA:87,1
DA:91,1
DA:92,2
DA:93,1
DA:97,1
DA:105,1
DA:106,1
DA:107,0
DA:108,0
DA:109,0
DA:110,0
DA:118,0
DA:119,0
DA:121,0
DA:127,0
DA:128,0
DA:137,0
DA:138,0
DA:141,0
DA:142,0
DA:145,0
DA:146,0
DA:147,0
DA:151,0
DA:152,0
DA:155,0
DA:161,0
DA:162,0
DA:163,0
DA:164,0
LF:57
LH:24
end_of_record
SF:lib/src/attributes/gradient/gradient_attribute.dart
DA:17,1
DA:22,0
DA:23,0
DA:32,0
DA:36,0
DA:37,0
DA:41,1
DA:46,2
DA:48,1
DA:51,2
LF:10
LH:5
end_of_record
SF:lib/src/attributes/gradient/gradient_util.dart
DA:48,55
DA:51,1
DA:52,2
DA:56,2
DA:57,4
DA:61,1
DA:62,2
DA:68,2
DA:69,2
DA:70,2
DA:71,2
DA:72,4
DA:73,1
DA:74,2
DA:76,0
DA:77,0
DA:107,55
DA:123,1
DA:124,3
DA:141,1
DA:142,3
DA:159,1
DA:160,3
DA:177,0
DA:178,0
DA:192,0
DA:205,0
DA:218,0
DA:231,0
DA:245,1
DA:246,3
DA:260,1
DA:270,1
DA:277,4
DA:281,2
DA:309,56
DA:327,1
DA:328,2
DA:329,3
DA:349,1
DA:350,2
DA:351,3
DA:371,1
DA:372,1
DA:373,4
DA:392,0
DA:393,0
DA:394,0
DA:413,0
DA:430,0
DA:449,2
DA:450,6
DA:468,1
DA:476,1
DA:481,2
DA:485,2
DA:514,55
DA:530,1
DA:531,2
DA:532,3
DA:550,1
DA:551,2
DA:552,3
DA:570,0
DA:571,0
DA:572,0
DA:587,0
DA:600,0
DA:613,0
DA:626,0
DA:640,1
DA:641,3
DA:655,1
DA:664,1
DA:670,2
DA:674,2
LF:76
LH:56
end_of_record
SF:lib/src/attributes/scalars/scalar_util.dart
DA:11,390
DA:13,2
DA:15,10
DA:16,10
DA:24,63
DA:26,5
DA:31,0
DA:36,10
DA:41,114
DA:43,3
DA:48,56
DA:50,0
DA:51,3
DA:52,0
DA:53,3
DA:54,3
DA:55,3
DA:56,0
DA:57,0
DA:58,0
DA:59,0
DA:61,0
DA:62,0
DA:77,0
DA:91,0
DA:107,0
DA:109,0
DA:125,54
DA:127,0
DA:128,0
DA:148,1
DA:149,3
DA:150,3
DA:155,1
DA:156,0
DA:157,0
DA:173,56
DA:174,3
DA:175,3
DA:176,3
DA:177,6
DA:193,1
DA:194,3
DA:195,3
DA:200,0
DA:218,0
DA:220,0
DA:221,0
DA:224,0
DA:225,0
DA:226,0
DA:241,1
DA:242,3
DA:243,3
DA:259,2
DA:260,3
DA:261,6
DA:262,3
DA:278,1
DA:279,0
DA:280,3
DA:296,1
DA:297,3
DA:298,0
DA:299,0
DA:300,0
DA:316,0
DA:318,0
DA:337,0
DA:339,0
DA:340,0
DA:341,0
DA:342,0
DA:343,0
DA:344,0
DA:360,1
DA:361,3
DA:362,3
DA:363,3
DA:365,3
DA:366,3
DA:367,3
DA:383,1
DA:384,3
DA:385,3
DA:386,3
DA:387,3
DA:388,3
DA:404,1
DA:405,3
DA:406,3
DA:418,0
DA:436,1
DA:437,3
DA:438,3
DA:439,3
DA:440,3
DA:453,0
DA:455,0
DA:459,0
DA:478,1
DA:479,3
DA:480,3
DA:481,3
DA:482,3
DA:483,3
DA:484,3
DA:485,3
DA:500,1
DA:502,3
DA:503,3
DA:504,3
DA:505,3
DA:506,3
DA:507,3
DA:508,3
DA:509,3
DA:510,3
DA:511,3
DA:512,3
DA:513,3
DA:514,3
DA:515,0
DA:516,0
DA:517,0
DA:518,0
DA:519,0
DA:520,0
DA:521,0
DA:522,0
DA:523,0
DA:524,0
DA:525,0
DA:526,0
DA:527,0
DA:528,0
DA:529,0
DA:530,0
DA:548,2
DA:549,6
DA:550,3
DA:568,1
DA:569,3
DA:570,0
DA:590,1
DA:592,3
DA:593,0
DA:594,0
DA:595,0
DA:613,1
DA:615,3
DA:616,0
DA:634,1
DA:636,3
DA:638,0
DA:640,4
DA:661,1
DA:663,0
DA:664,0
DA:665,0
DA:666,3
DA:667,0
DA:685,2
DA:687,3
DA:688,6
DA:707,1
DA:708,3
DA:709,3
DA:710,3
DA:728,1
DA:729,3
DA:730,3
DA:752,1
DA:753,3
DA:754,3
DA:755,3
DA:756,3
DA:757,3
DA:758,3
LF:179
LH:112
end_of_record
SF:lib/src/attributes/scalars/scalars_attribute.dart
DA:12,9
DA:14,5
DA:17,1
DA:18,2
DA:23,1
DA:25,0
DA:26,0
DA:32,1
DA:34,0
DA:35,0
DA:37,0
DA:39,0
DA:47,1
DA:49,0
DA:50,0
DA:52,0
DA:54,0
DA:61,1
DA:63,0
DA:64,0
DA:70,2
DA:72,0
DA:73,0
DA:75,0
DA:77,0
DA:79,0
DA:81,0
LF:27
LH:9
end_of_record
SF:lib/src/attributes/shadow/shadow_dto.dart
DA:14,6
DA:25,3
DA:27,1
DA:28,1
DA:29,1
DA:30,2
DA:31,1
DA:35,0
DA:36,0
DA:39,2
DA:43,2
DA:44,4
DA:45,2
DA:46,2
DA:50,1
DA:54,1
DA:55,1
DA:56,1
DA:57,1
DA:61,0
DA:62,0
DA:68,5
DA:75,3
DA:76,3
DA:77,6
DA:78,3
DA:79,3
DA:80,3
DA:84,0
DA:85,0
DA:88,3
DA:92,3
DA:93,6
DA:94,3
DA:95,3
DA:96,3
DA:100,2
DA:104,2
DA:105,2
DA:106,2
DA:107,2
DA:108,2
DA:112,3
DA:113,15
LF:44
LH:38
end_of_record
SF:lib/src/attributes/shadow/shadow_util.dart
DA:32,1
DA:35,1
DA:36,1
DA:42,2
DA:59,0
DA:60,0
DA:77,0
DA:78,0
DA:94,0
DA:97,1
DA:98,1
DA:99,1
DA:111,1
DA:125,1
DA:126,4
DA:136,0
DA:148,0
DA:149,0
DA:162,0
DA:163,0
DA:176,0
DA:188,0
DA:191,0
DA:197,0
DA:204,0
DA:214,1
DA:226,1
DA:227,2
DA:229,4
DA:233,0
DA:234,0
DA:235,0
DA:236,0
DA:237,0
DA:238,0
DA:239,0
DA:240,0
DA:241,0
DA:242,0
DA:243,0
LF:40
LH:14
end_of_record
SF:lib/src/attributes/spacing/edge_insets_dto.dart
DA:18,4
DA:27,6
DA:32,3
DA:33,21
LF:4
LH:4
end_of_record
SF:lib/src/attributes/spacing/spacing_attribute.dart
DA:13,2
DA:15,0
DA:17,3
DA:18,3
DA:19,3
DA:20,3
DA:21,3
DA:22,3
DA:24,0
DA:26,0
DA:32,2
DA:34,2
DA:42,2
DA:43,2
DA:54,0
DA:55,0
DA:58,0
DA:59,0
DA:62,1
DA:64,4
DA:70,2
DA:72,2
DA:80,2
DA:81,2
DA:92,0
DA:93,0
DA:96,0
DA:97,0
DA:100,1
DA:102,4
LF:30
LH:19
end_of_record
SF:lib/src/attributes/spacing/spacing_util.dart
DA:33,54
DA:35,1
DA:36,2
DA:55,1
DA:56,1
DA:57,2
DA:78,1
DA:79,1
DA:80,2
DA:101,1
DA:102,1
DA:103,1
DA:104,1
DA:126,1
DA:127,3
DA:148,1
DA:149,3
DA:164,1
DA:165,3
DA:180,1
DA:181,3
DA:202,0
DA:203,0
DA:224,0
DA:225,0
DA:246,1
DA:254,2
DA:255,1
DA:283,1
DA:297,1
DA:335,1
DA:336,1
DA:352,0
DA:353,0
DA:354,0
DA:373,1
DA:374,3
DA:392,1
DA:393,3
DA:411,0
DA:412,0
DA:430,0
DA:431,0
DA:449,0
DA:450,0
DA:463,0
DA:464,0
DA:465,0
DA:489,1
DA:504,1
DA:525,1
DA:526,2
DA:527,1
DA:570,1
DA:582,0
DA:594,0
DA:606,0
DA:618,0
DA:630,0
DA:642,0
DA:657,3
LF:61
LH:39
end_of_record
SF:lib/src/attributes/strut_style/strut_style_attribute.dart
DA:9,0
DA:11,0
DA:13,0
LF:3
LH:0
end_of_record
SF:lib/src/attributes/style_mix_attribute.dart
DA:12,1
DA:16,1
DA:20,2
DA:23,1
DA:24,2
DA:29,1
DA:31,1
DA:33,3
LF:8
LH:8
end_of_record
SF:lib/src/attributes/text_directives_util.dart
DA:7,3
DA:8,3
DA:9,3
DA:10,3
DA:11,3
DA:13,1
DA:14,4
DA:18,0
DA:23,0
DA:25,2
DA:26,2
DA:27,2
DA:28,2
DA:29,2
LF:14
LH:12
end_of_record
SF:lib/src/attributes/text_style/text_style_attribute.dart
DA:11,0
DA:13,0
DA:15,0
LF:3
LH:0
end_of_record
SF:lib/src/attributes/text_style/text_style_util.dart
DA:43,2
DA:45,1
DA:67,1
DA:68,1
DA:92,2
DA:101,0
DA:102,0
DA:116,1
DA:117,3
DA:131,1
DA:132,3
DA:143,1
DA:144,1
DA:145,2
DA:159,0
DA:160,0
DA:174,0
DA:175,0
DA:189,0
DA:190,0
DA:212,1
DA:213,4
DA:228,1
DA:229,1
DA:230,2
DA:246,1
DA:247,3
DA:261,0
DA:262,0
DA:273,0
DA:283,0
DA:284,0
DA:298,0
DA:299,0
DA:312,0
DA:313,0
DA:327,0
DA:340,0
DA:353,2
DA:363,2
DA:376,1
DA:377,1
DA:390,0
DA:400,0
DA:410,0
DA:411,0
DA:421,0
DA:422,0
DA:435,0
DA:455,1
DA:478,1
DA:479,1
DA:480,1
DA:488,4
DA:491,1
DA:502,2
LF:56
LH:30
end_of_record
SF:lib/src/attributes/variant_attribute.dart
DA:15,4
DA:17,6
DA:19,6
DA:21,0
DA:23,0
DA:25,0
DA:28,1
DA:29,3
DA:39,3
DA:41,3
DA:42,9
DA:44,0
DA:46,0
DA:48,0
DA:52,0
DA:53,0
DA:54,0
DA:63,1
DA:66,1
DA:67,2
DA:68,1
DA:69,0
DA:70,1
DA:71,0
DA:74,2
DA:77,1
DA:78,2
DA:80,0
DA:81,0
DA:83,0
DA:85,0
DA:87,0
LF:32
LH:16
end_of_record
SF:lib/src/core/attribute.dart
DA:8,633
DA:12,628
DA:19,29
DA:75,604
DA:80,5
DA:87,11
DA:89,3
DA:90,6
DA:92,0
DA:95,4
DA:96,8
DA:112,10
DA:114,0
DA:115,0
DA:117,0
DA:120,0
DA:121,0
DA:124,0
DA:129,0
DA:132,1
DA:133,1
LF:21
LH:13
end_of_record
SF:lib/src/core/attributes_map.dart
DA:14,30
DA:16,54
DA:18,30
DA:19,60
DA:22,30
DA:25,30
DA:26,40
DA:27,10
DA:30,10
DA:31,5
DA:36,5
DA:38,5
DA:41,2
DA:48,6
DA:50,3
DA:52,0
DA:54,93
DA:56,1
DA:57,3
DA:59,0
DA:61,6
DA:62,18
DA:64,3
DA:65,12
DA:68,3
DA:69,6
DA:75,30
DA:77,54
DA:79,30
DA:80,60
DA:83,30
DA:86,30
DA:87,32
DA:88,2
DA:91,2
DA:93,2
DA:96,0
DA:103,3
DA:105,3
DA:107,0
DA:109,13
DA:111,26
DA:112,58
DA:114,0
DA:115,0
DA:117,3
DA:118,12
DA:121,3
DA:122,6
LF:49
LH:43
end_of_record
SF:lib/src/core/directive.dart
DA:11,1
DA:16,3
DA:18,1
DA:19,2
DA:33,1
DA:37,0
LF:6
LH:5
end_of_record
SF:lib/src/core/extensions/iterable_ext.dart
DA:6,3
DA:8,1
DA:9,2
DA:10,1
DA:18,3
DA:19,3
DA:20,3
DA:27,1
DA:30,1
DA:32,1
DA:33,1
DA:34,1
DA:36,2
DA:37,2
DA:38,1
DA:39,1
DA:40,1
DA:41,1
DA:45,0
DA:46,0
DA:49,0
LF:21
LH:18
end_of_record
SF:lib/src/core/extensions/values_ext.dart
DA:23,0
DA:25,0
DA:27,0
DA:28,0
DA:29,0
DA:30,0
DA:31,0
DA:32,0
DA:33,0
DA:34,0
DA:35,0
DA:36,0
DA:37,0
DA:38,0
DA:44,0
DA:47,0
DA:48,0
DA:49,0
DA:50,0
DA:52,0
DA:57,2
DA:61,0
DA:65,0
DA:69,2
DA:71,0
DA:72,0
DA:77,0
DA:81,4
DA:85,16
DA:90,0
DA:91,0
DA:96,0
DA:98,0
DA:103,0
DA:107,0
DA:108,0
DA:109,0
DA:111,0
DA:114,0
DA:118,0
DA:122,0
DA:126,0
DA:127,0
DA:130,0
DA:131,0
DA:136,0
DA:139,0
DA:140,0
DA:142,0
DA:147,0
DA:151,0
DA:155,2
DA:159,0
DA:160,0
DA:165,4
DA:169,1
DA:170,4
DA:175,0
DA:177,0
LF:59
LH:8
end_of_record
SF:lib/src/decorators/clip_decorator.dart
DA:10,3
DA:12,1
DA:14,1
DA:15,2
DA:16,1
DA:20,0
DA:21,0
DA:23,2
DA:25,2
DA:26,2
DA:27,2
DA:28,2
DA:38,3
DA:40,1
DA:42,1
DA:43,1
DA:44,2
DA:48,0
DA:49,0
DA:51,2
DA:53,2
DA:54,2
DA:55,2
DA:56,2
DA:66,2
DA:68,1
DA:70,1
DA:71,2
DA:72,1
DA:76,0
DA:77,0
DA:79,1
DA:81,1
DA:82,1
DA:83,1
DA:84,1
DA:95,3
DA:102,1
DA:104,1
DA:105,2
DA:106,2
DA:107,1
DA:111,0
DA:112,0
DA:114,1
DA:116,1
DA:117,1
DA:118,1
DA:119,1
DA:120,1
DA:127,0
DA:133,0
DA:135,0
DA:140,0
DA:148,0
DA:150,0
DA:151,0
DA:152,0
DA:153,0
DA:155,0
DA:161,54
DA:162,0
DA:164,0
DA:165,0
DA:166,0
DA:167,0
DA:168,0
DA:173,0
LF:68
LH:43
end_of_record
SF:lib/src/decorators/decorator.dart
DA:8,6
DA:13,5
DA:15,0
LF:3
LH:2
end_of_record
SF:lib/src/decorators/default_decorators.dart
DA:9,2
DA:11,1
DA:14,0
DA:15,0
DA:17,1
DA:19,3
DA:24,0
DA:26,0
DA:29,0
DA:30,0
DA:32,0
DA:34,0
DA:40,3
DA:42,1
DA:44,1
DA:45,1
DA:46,2
DA:50,0
DA:51,0
DA:53,2
DA:55,2
DA:56,2
DA:57,2
DA:58,2
DA:66,2
DA:68,1
DA:71,0
DA:72,0
DA:74,1
DA:75,3
DA:80,2
DA:82,1
DA:85,0
DA:86,0
DA:88,1
DA:90,3
DA:95,2
DA:97,1
DA:100,0
DA:101,0
DA:103,1
DA:105,3
LF:42
LH:26
end_of_record
SF:lib/src/decorators/widget_decorator_wrapper.dart
DA:6,0
DA:12,0
DA:14,0
LF:3
LH:0
end_of_record
SF:lib/src/deprecations.dart
DA:13,0
DA:15,0
DA:18,0
DA:20,0
DA:23,0
DA:27,0
DA:30,0
DA:32,0
DA:35,0
DA:39,0
DA:41,0
DA:44,0
DA:46,0
DA:49,0
DA:53,0
DA:56,0
DA:60,0
DA:63,0
DA:65,0
DA:75,0
DA:76,0
DA:77,0
DA:78,0
DA:79,0
DA:80,0
DA:81,0
DA:82,0
DA:83,0
DA:84,0
DA:85,0
DA:86,0
DA:89,0
DA:91,0
DA:95,0
DA:98,0
DA:101,0
DA:104,0
DA:107,0
DA:110,0
DA:113,0
DA:116,0
DA:119,0
DA:122,0
DA:125,0
DA:128,0
DA:131,0
DA:137,0
DA:139,0
DA:143,0
DA:204,0
DA:205,0
DA:208,0
DA:209,0
DA:212,0
DA:213,0
DA:216,0
DA:217,0
DA:220,0
DA:221,0
DA:224,0
DA:225,0
DA:228,0
DA:229,0
DA:232,0
DA:233,0
DA:236,0
DA:237,0
DA:240,0
DA:241,0
DA:244,0
DA:245,0
DA:248,0
DA:249,0
DA:252,0
DA:253,0
DA:256,0
DA:257,0
DA:260,0
DA:261,0
DA:264,0
DA:265,0
DA:268,0
DA:269,0
DA:272,0
DA:273,0
DA:276,0
DA:277,0
DA:280,0
DA:281,0
DA:288,0
DA:289,0
DA:296,0
DA:299,0
DA:302,0
DA:305,0
DA:308,0
DA:311,0
DA:314,0
DA:317,0
DA:320,0
DA:325,0
DA:327,0
DA:329,0
DA:331,0
DA:333,0
DA:335,0
DA:337,0
DA:339,0
DA:341,0
DA:344,0
DA:347,0
DA:355,0
DA:356,0
DA:358,0
DA:359,0
DA:361,0
DA:362,0
DA:365,0
DA:367,0
DA:369,0
DA:372,0
DA:374,0
DA:377,0
DA:379,0
DA:382,0
DA:384,0
DA:387,0
DA:389,0
DA:392,0
DA:394,0
DA:397,0
DA:399,0
DA:409,0
DA:412,0
DA:415,0
DA:418,0
DA:421,0
DA:424,0
DA:427,0
DA:430,0
DA:433,0
DA:436,0
DA:441,0
DA:443,0
DA:446,0
DA:448,0
DA:451,0
DA:453,0
DA:457,0
DA:459,0
DA:463,0
DA:465,0
DA:468,0
DA:470,0
DA:473,0
DA:475,0
DA:478,0
DA:480,0
DA:483,0
DA:485,0
DA:489,0
DA:492,0
DA:495,0
DA:498,0
DA:501,0
DA:504,0
DA:507,0
DA:510,0
DA:513,0
DA:516,0
DA:519,0
DA:522,0
DA:525,0
DA:528,0
DA:531,0
DA:534,0
DA:537,0
DA:540,0
DA:543,0
DA:546,0
DA:549,0
DA:552,0
DA:555,0
DA:558,0
DA:561,0
DA:564,0
DA:567,0
DA:570,0
DA:573,0
DA:576,0
DA:579,0
DA:582,0
DA:585,0
DA:591,0
DA:594,0
DA:600,0
DA:604,0
DA:607,0
DA:611,0
DA:614,0
DA:616,0
DA:619,0
DA:621,0
DA:622,0
LF:204
LH:0
end_of_record
SF:lib/src/factory/mix_provider.dart
DA:11,1
DA:14,2
DA:15,2
DA:19,0
DA:20,0
DA:22,0
DA:31,0
DA:32,0
DA:46,1
DA:51,1
DA:56,2
LF:11
LH:6
end_of_record
SF:lib/src/factory/mix_provider_data.dart
DA:24,26
DA:30,26
DA:31,26
DA:33,52
DA:35,26
DA:37,26
DA:44,12
DA:49,1
DA:50,1
DA:55,1
DA:56,2
DA:59,6
DA:60,12
DA:61,6
DA:63,6
DA:69,0
DA:70,0
DA:73,0
DA:76,0
DA:77,0
DA:79,0
DA:80,0
DA:81,0
DA:90,1
DA:91,1
DA:92,1
DA:93,3
DA:98,0
DA:99,0
DA:102,26
DA:107,78
DA:109,52
DA:110,52
DA:113,26
DA:114,78
DA:117,2
DA:118,1
DA:121,1
DA:122,0
DA:125,1
DA:128,1
DA:133,3
DA:136,6
DA:137,6
DA:139,6
DA:140,0
LF:46
LH:34
end_of_record
SF:lib/src/factory/style_group.dart
DA:4,0
LF:1
LH:0
end_of_record
SF:lib/src/factory/style_mix.dart
DA:47,0
DA:48,0
DA:49,0
DA:50,0
DA:51,0
DA:52,0
DA:54,84
DA:70,9
DA:92,9
DA:95,9
DA:97,9
DA:109,30
DA:110,30
DA:111,30
DA:113,40
DA:114,10
DA:115,10
DA:116,3
DA:117,2
DA:118,2
DA:119,4
DA:120,4
DA:122,2
DA:126,30
DA:127,30
DA:128,30
DA:140,1
DA:157,1
DA:158,1
DA:160,3
DA:182,1
DA:188,12
DA:191,5
DA:194,2
DA:199,3
DA:226,1
DA:227,2
DA:233,3
DA:237,3
DA:238,0
DA:239,0
DA:249,3
DA:252,9
DA:253,9
DA:255,3
DA:284,1
DA:286,1
DA:291,1
DA:292,1
DA:296,1
DA:301,3
DA:302,1
DA:303,1
DA:305,1
DA:310,2
DA:313,2
DA:314,1
DA:316,1
DA:321,1
DA:322,1
DA:323,1
DA:327,1
DA:333,5
DA:336,1
DA:339,1
DA:365,1
DA:369,1
DA:373,3
DA:374,2
DA:375,1
DA:378,2
DA:383,4
DA:385,1
DA:411,1
DA:412,1
DA:414,2
DA:415,1
DA:416,2
DA:420,1
DA:423,3
DA:424,9
DA:437,1
DA:440,0
DA:442,0
DA:443,0
DA:445,0
LF:86
LH:74
end_of_record
SF:lib/src/factory/style_mix_ext.dart
DA:12,0
DA:18,0
DA:19,0
DA:26,0
DA:33,0
DA:41,0
DA:48,0
DA:49,0
DA:56,0
DA:63,0
DA:64,0
DA:71,0
DA:79,0
DA:82,0
DA:88,0
DA:95,0
DA:96,0
DA:103,0
DA:110,0
DA:111,0
DA:118,0
DA:125,0
DA:127,0
LF:23
LH:0
end_of_record
SF:lib/src/recipes/container/container_attribute.dart
DA:28,55
DA:41,1
DA:42,1
DA:44,1
DA:45,1
DA:46,1
DA:47,1
DA:48,1
DA:49,1
DA:50,1
DA:51,1
DA:52,2
DA:53,1
DA:54,1
DA:55,1
DA:58,1
DA:60,1
DA:61,1
DA:62,1
DA:63,1
DA:64,1
DA:65,1
DA:66,1
DA:67,1
DA:68,2
DA:69,1
DA:70,1
DA:74,1
DA:78,0
DA:79,0
DA:80,0
DA:81,0
DA:82,0
DA:83,0
DA:84,0
DA:85,0
DA:86,0
DA:87,0
DA:88,0
DA:92,0
DA:93,0
DA:94,0
DA:95,0
DA:96,0
DA:97,0
DA:98,0
DA:99,0
DA:100,0
DA:101,0
DA:102,0
DA:103,0
LF:51
LH:28
end_of_record
SF:lib/src/recipes/container/container_spec.dart
DA:18,1
DA:31,0
DA:43,0
DA:47,0
DA:48,0
DA:49,0
DA:50,0
DA:51,0
DA:52,0
DA:53,0
DA:54,0
DA:55,0
DA:56,0
DA:57,0
DA:61,0
DA:74,0
DA:75,0
DA:76,0
DA:77,0
DA:78,0
DA:79,0
DA:80,0
DA:81,0
DA:82,0
DA:83,0
DA:84,0
DA:88,0
DA:90,0
DA:91,0
DA:92,0
DA:93,0
DA:94,0
DA:95,0
DA:96,0
DA:97,0
DA:98,0
DA:99,0
DA:100,0
DA:104,0
DA:105,0
DA:106,0
DA:107,0
DA:108,0
DA:109,0
DA:110,0
DA:111,0
DA:112,0
DA:113,0
DA:114,0
DA:115,0
LF:50
LH:1
end_of_record
SF:lib/src/recipes/container/container_util.dart
DA:160,0
DA:161,0
DA:174,3
DA:187,3
DA:200,3
DA:213,3
DA:233,54
DA:235,0
DA:247,0
DA:248,0
DA:263,0
DA:264,0
DA:267,0
DA:268,0
DA:271,0
DA:272,0
DA:275,0
DA:276,0
DA:279,0
DA:280,0
DA:283,0
DA:284,0
DA:285,0
DA:289,0
DA:290,0
DA:293,0
DA:294,0
DA:297,0
DA:299,0
DA:301,0
DA:313,0
DA:315,0
DA:316,0
DA:317,0
DA:318,0
DA:321,0
DA:326,0
LF:37
LH:5
end_of_record
SF:lib/src/recipes/container/container_widget.dart
DA:11,0
DA:15,0
DA:17,0
DA:18,0
DA:19,0
DA:22,0
DA:23,0
DA:24,0
DA:26,0
DA:28,0
DA:34,1
DA:39,1
DA:41,1
DA:42,2
DA:43,2
DA:44,2
DA:45,2
DA:46,2
DA:47,2
DA:48,2
DA:49,2
DA:50,2
DA:51,2
DA:52,1
LF:24
LH:14
end_of_record
SF:lib/src/recipes/flex/flex_attribute.dart
DA:18,163
DA:30,0
DA:31,0
DA:34,1
DA:36,1
DA:37,1
DA:38,1
DA:39,1
DA:40,1
DA:41,1
DA:42,1
DA:43,1
DA:44,1
DA:45,1
DA:49,0
DA:53,0
DA:54,0
DA:55,0
DA:56,0
DA:57,0
DA:58,0
DA:59,0
DA:60,0
DA:61,0
DA:62,0
DA:66,0
DA:67,0
DA:68,0
DA:69,0
DA:70,0
DA:71,0
DA:72,0
DA:73,0
DA:74,0
DA:75,0
DA:76,0
LF:36
LH:12
end_of_record
SF:lib/src/recipes/flex/flex_spec.dart
DA:20,2
DA:32,0
DA:43,1
DA:44,2
DA:46,0
DA:49,1
DA:51,1
DA:53,3
DA:55,3
DA:56,3
DA:58,3
DA:59,3
DA:60,3
DA:61,3
DA:62,3
DA:63,3
DA:67,0
DA:69,0
DA:70,0
DA:71,0
DA:72,0
DA:73,0
DA:74,0
DA:75,0
DA:76,0
DA:77,0
DA:78,0
DA:82,1
DA:94,1
DA:95,0
DA:96,0
DA:97,0
DA:98,0
DA:99,0
DA:100,0
DA:101,0
DA:102,0
DA:103,0
DA:107,1
DA:108,1
DA:109,1
DA:110,1
DA:111,1
DA:112,1
DA:113,1
DA:114,1
DA:115,1
DA:116,1
DA:117,1
LF:49
LH:27
end_of_record
SF:lib/src/recipes/flex/flex_util.dart
DA:6,0
DA:10,0
DA:12,0
DA:14,0
DA:15,0
DA:18,0
DA:19,0
DA:20,0
DA:24,0
DA:25,0
DA:26,0
DA:30,0
DA:31,0
DA:32,0
DA:36,0
DA:37,0
DA:38,0
DA:42,0
DA:43,0
DA:44,0
DA:48,0
DA:49,0
DA:50,0
DA:54,0
DA:55,0
DA:58,0
DA:59,0
DA:62,0
DA:63,0
DA:65,0
DA:76,0
DA:88,0
LF:32
LH:0
end_of_record
SF:lib/src/recipes/flex/flex_widget.dart
DA:30,0
DA:41,0
DA:43,0
DA:44,0
DA:45,0
DA:48,0
DA:49,0
DA:50,0
DA:52,0
DA:54,0
DA:55,0
DA:58,0
DA:59,0
DA:60,0
DA:61,0
DA:65,0
DA:67,0
DA:68,0
DA:75,0
DA:86,0
DA:88,0
DA:89,0
DA:91,0
DA:92,0
DA:94,0
DA:96,0
DA:97,0
DA:119,0
DA:124,0
DA:144,0
DA:149,0
DA:171,0
DA:182,0
DA:184,0
DA:185,0
DA:186,0
DA:188,0
DA:190,0
DA:192,0
DA:193,0
DA:216,0
DA:221,0
DA:241,0
DA:246,0
LF:44
LH:0
end_of_record
SF:lib/src/recipes/icon/icon_attribute.dart
DA:10,164
DA:12,0
DA:13,0
DA:16,2
DA:18,8
DA:21,0
DA:25,0
DA:26,0
DA:27,0
DA:31,0
DA:32,0
LF:11
LH:3
end_of_record
SF:lib/src/recipes/icon/icon_spec.dart
DA:11,4
DA:13,0
DA:17,2
DA:18,4
DA:20,0
DA:23,2
DA:25,2
DA:26,6
DA:27,6
DA:31,0
DA:33,0
DA:36,2
DA:42,2
DA:45,0
DA:46,0
LF:15
LH:9
end_of_record
SF:lib/src/recipes/icon/icon_util.dart
DA:14,54
DA:16,0
DA:17,0
DA:20,0
DA:21,0
DA:24,0
DA:25,0
LF:7
LH:1
end_of_record
SF:lib/src/recipes/icon/icon_widget.dart
DA:8,0
DA:21,0
DA:23,0
DA:24,0
DA:25,0
DA:28,0
DA:29,0
DA:30,0
DA:32,0
DA:34,0
DA:35,0
DA:36,0
DA:37,0
DA:38,0
DA:39,0
DA:46,0
DA:61,0
DA:63,0
DA:65,0
DA:68,0
DA:69,0
DA:70,0
DA:72,0
DA:74,0
DA:75,0
DA:76,0
DA:77,0
DA:78,0
DA:79,0
DA:80,0
LF:30
LH:0
end_of_record
SF:lib/src/recipes/image/image_attribute.dart
DA:16,54
DA:24,0
DA:26,0
DA:27,0
DA:28,0
DA:29,0
DA:30,0
DA:31,0
DA:35,0
DA:39,0
DA:40,0
DA:41,0
DA:42,0
DA:43,0
DA:44,0
DA:48,0
DA:49,0
LF:17
LH:1
end_of_record
SF:lib/src/recipes/image/image_spec.dart
DA:17,0
DA:25,0
DA:32,0
DA:33,0
DA:35,0
DA:38,0
DA:40,0
DA:41,0
DA:42,0
DA:43,0
DA:44,0
DA:45,0
DA:49,0
DA:51,0
DA:52,0
DA:53,0
DA:54,0
DA:55,0
DA:56,0
DA:60,0
DA:69,0
DA:70,0
DA:71,0
DA:72,0
DA:73,0
DA:74,0
DA:78,0
DA:79,0
LF:28
LH:0
end_of_record
SF:lib/src/recipes/image/image_util.dart
DA:14,54
DA:16,0
DA:17,0
DA:20,0
DA:21,0
DA:22,0
DA:26,0
DA:27,0
DA:30,0
DA:37,0
DA:40,0
LF:11
LH:1
end_of_record
SF:lib/src/recipes/stack/stack_attribute.dart
DA:13,110
DA:23,2
DA:24,2
DA:27,2
DA:29,2
DA:30,2
DA:31,2
DA:32,2
DA:33,2
DA:37,1
DA:41,1
DA:42,2
DA:43,2
DA:44,2
DA:45,2
DA:49,0
DA:50,0
LF:17
LH:15
end_of_record
SF:lib/src/recipes/stack/stack_spec.dart
DA:11,3
DA:18,1
DA:20,1
DA:21,3
DA:22,2
DA:23,2
DA:24,2
DA:28,0
DA:30,0
DA:31,0
DA:32,0
DA:33,0
DA:34,0
DA:38,1
DA:45,1
DA:46,0
DA:47,0
DA:48,0
DA:49,0
DA:53,1
DA:54,5
LF:21
LH:11
end_of_record
SF:lib/src/recipes/stack/stack_util.dart
DA:13,54
DA:15,1
DA:21,1
DA:28,2
DA:31,1
DA:32,3
DA:35,1
DA:36,3
DA:39,1
DA:40,1
DA:41,2
DA:45,1
DA:46,3
DA:49,0
DA:55,0
LF:15
LH:13
end_of_record
SF:lib/src/recipes/stack/stack_widget.dart
DA:11,1
DA:19,1
DA:21,1
DA:22,1
DA:23,0
DA:26,2
DA:27,1
DA:28,1
DA:30,1
DA:32,2
DA:38,1
DA:43,1
DA:45,1
DA:46,2
DA:47,2
DA:48,2
DA:49,2
DA:50,1
DA:56,1
DA:65,1
DA:67,2
DA:68,2
DA:69,2
DA:71,1
DA:73,2
LF:25
LH:24
end_of_record
SF:lib/src/recipes/text/text_attribute.dart
DA:25,57
DA:39,0
DA:40,0
DA:42,0
DA:43,0
DA:44,0
DA:45,0
DA:48,1
DA:50,1
DA:51,1
DA:52,1
DA:53,1
DA:54,1
DA:55,1
DA:56,2
DA:57,1
DA:58,1
DA:59,1
DA:60,1
DA:61,2
DA:65,1
DA:69,1
DA:70,2
DA:71,2
DA:72,2
DA:73,2
DA:74,2
DA:75,2
DA:76,2
DA:77,2
DA:78,2
DA:79,2
DA:80,4
DA:84,1
DA:85,1
DA:86,1
DA:87,1
DA:88,1
DA:89,1
DA:90,1
DA:91,1
DA:92,1
DA:93,1
DA:94,1
DA:95,1
DA:96,1
LF:46
LH:40
end_of_record
SF:lib/src/recipes/text/text_spec.dart
DA:19,1
DA:34,0
DA:57,0
DA:60,0
DA:63,0
DA:67,0
DA:68,0
DA:69,0
DA:70,0
DA:71,0
DA:72,0
DA:73,0
DA:74,0
DA:75,0
DA:76,0
DA:77,0
DA:78,0
DA:82,0
DA:86,0
DA:87,0
DA:88,0
DA:89,0
DA:91,0
DA:92,0
DA:93,0
DA:94,0
DA:96,0
DA:97,0
DA:98,0
DA:99,0
DA:103,0
DA:117,0
DA:118,0
DA:119,0
DA:120,0
DA:121,0
DA:122,0
DA:123,0
DA:124,0
DA:125,0
DA:126,0
DA:127,0
DA:128,0
DA:132,0
DA:133,0
DA:134,0
DA:135,0
DA:136,0
DA:137,0
DA:138,0
DA:139,0
DA:140,0
DA:141,0
DA:142,0
DA:143,0
DA:144,0
LF:56
LH:1
end_of_record
SF:lib/src/recipes/text/text_util.dart
DA:19,54
DA:21,0
DA:22,0
DA:25,0
DA:26,0
DA:29,0
DA:30,0
DA:33,0
DA:34,0
DA:37,1
DA:38,3
DA:41,0
DA:42,0
DA:43,0
DA:47,0
DA:48,0
DA:49,0
DA:53,0
DA:54,0
DA:55,0
DA:59,0
DA:60,0
DA:63,0
DA:64,0
DA:67,0
DA:68,0
DA:71,1
DA:84,1
DA:98,2
DA:101,0
DA:114,0
DA:116,0
DA:120,0
DA:128,0
LF:34
LH:6
end_of_record
SF:lib/src/recipes/text/text_widget.dart
DA:8,0
DA:21,0
DA:23,0
DA:25,0
DA:28,0
DA:29,0
DA:30,0
DA:32,0
DA:34,0
DA:35,0
DA:36,0
DA:37,0
DA:38,0
DA:39,0
DA:40,0
DA:41,0
DA:42,0
DA:43,0
DA:44,0
DA:45,0
DA:46,0
DA:47,0
LF:22
LH:0
end_of_record
SF:lib/src/theme/mix_theme.dart
DA:12,10
DA:14,29
DA:15,35
DA:16,27
DA:19,1
DA:20,2
DA:25,0
DA:26,0
DA:37,74
DA:45,41
DA:46,0
DA:54,33
DA:61,33
DA:70,3
DA:77,3
DA:78,3
DA:79,3
DA:80,3
DA:81,3
DA:82,3
DA:86,0
DA:93,0
DA:94,0
DA:95,0
DA:96,0
DA:97,0
DA:98,0
DA:102,0
DA:103,0
DA:106,0
DA:108,0
DA:109,0
DA:112,0
DA:114,0
DA:115,0
DA:118,0
DA:119,0
DA:121,0
DA:122,0
DA:123,0
DA:125,0
DA:128,0
DA:129,0
DA:131,0
DA:134,1
DA:135,6
DA:142,26
DA:144,1
DA:145,4
DA:148,0
DA:150,1
DA:151,4
DA:154,0
DA:156,1
DA:157,4
DA:160,0
DA:162,2
DA:163,2
DA:164,0
DA:166,0
DA:169,0
DA:170,0
LF:62
LH:28
end_of_record
SF:lib/src/theme/tokens/breakpoints.dart
DA:15,55
DA:20,2
DA:21,12
DA:43,54
DA:45,0
DA:46,0
LF:6
LH:4
end_of_record
SF:lib/src/theme/tokens/color_token.dart
DA:6,4
DA:8,0
DA:10,2
DA:11,4
DA:22,4
DA:24,1
DA:28,4
DA:31,1
DA:32,2
LF:9
LH:8
end_of_record
SF:lib/src/theme/tokens/material_tokens.dart
DA:12,3
DA:17,3
DA:22,3
DA:27,3
DA:32,3
DA:37,3
DA:42,3
DA:47,3
DA:52,3
DA:57,3
DA:62,3
DA:67,3
DA:70,1
DA:79,3
DA:83,3
DA:87,3
DA:91,3
DA:95,3
DA:99,3
DA:103,3
DA:107,3
DA:111,3
DA:115,3
DA:119,3
DA:123,3
DA:127,3
DA:131,3
DA:135,3
DA:140,3
DA:144,3
DA:148,3
DA:152,3
DA:156,3
DA:160,3
DA:164,3
DA:168,3
DA:172,3
DA:176,3
DA:180,3
DA:184,3
DA:188,3
DA:191,1
DA:194,3
DA:195,3
DA:201,1
DA:205,3
DA:206,3
DA:210,0
DA:211,0
DA:212,0
DA:213,0
DA:214,0
DA:215,0
DA:216,0
DA:217,0
DA:218,0
DA:219,0
DA:220,0
DA:221,0
DA:225,0
DA:226,0
DA:227,0
DA:228,0
DA:229,0
DA:230,0
DA:231,0
DA:232,0
DA:233,0
DA:234,0
DA:235,0
DA:236,0
DA:237,0
DA:238,0
DA:239,0
DA:240,0
DA:241,0
DA:242,0
DA:243,0
DA:244,0
DA:245,0
DA:246,0
DA:247,0
DA:248,0
DA:249,0
DA:250,0
DA:251,0
DA:252,0
LF:87
LH:47
end_of_record
SF:lib/src/theme/tokens/mix_token.dart
DA:15,170
DA:17,0
DA:18,0
DA:21,0
DA:22,0
DA:25,0
DA:26,0
DA:29,4
DA:31,3
DA:35,9
DA:37,21
DA:40,4
DA:41,16
DA:56,58
DA:59,54
DA:61,5
DA:62,18
DA:64,11
DA:69,0
DA:70,0
DA:73,0
DA:74,0
LF:22
LH:12
end_of_record
SF:lib/src/theme/tokens/radius_token.dart
DA:15,56
DA:17,1
DA:19,1
DA:20,2
DA:32,2
DA:34,1
DA:38,4
DA:41,1
DA:42,2
DA:51,1
DA:53,0
DA:57,0
DA:60,3
DA:62,3
DA:64,3
DA:66,3
LF:16
LH:14
end_of_record
SF:lib/src/theme/tokens/space_token.dart
DA:32,54
DA:34,0
DA:35,0
LF:3
LH:1
end_of_record
SF:lib/src/theme/tokens/text_style_token.dart
DA:9,3
DA:11,1
DA:13,2
DA:17,4
DA:29,2
DA:31,1
DA:35,4
DA:38,0
DA:39,0
DA:41,0
DA:42,0
DA:44,0
DA:45,0
DA:47,0
DA:48,0
DA:50,0
DA:51,0
DA:53,0
DA:54,0
DA:56,0
DA:57,0
DA:59,0
DA:60,0
DA:62,0
DA:63,0
DA:65,0
DA:66,0
DA:68,0
DA:70,0
DA:72,0
DA:73,0
DA:75,0
DA:76,0
DA:78,0
DA:79,0
DA:81,0
DA:82,0
DA:84,0
DA:85,0
DA:87,0
DA:89,0
DA:91,0
DA:92,0
DA:94,0
DA:95,0
DA:97,0
DA:99,0
DA:101,0
DA:102,0
DA:104,0
DA:105,0
DA:107,1
DA:108,2
DA:111,0
DA:112,0
DA:119,0
DA:121,0
DA:123,0
LF:58
LH:9
end_of_record
SF:lib/src/theme/tokens/token_util.dart
DA:7,0
DA:18,1
DA:23,54
DA:24,0
DA:25,0
DA:26,0
DA:27,0
DA:28,0
DA:29,0
DA:33,54
DA:37,54
LF:11
LH:4
end_of_record
SF:lib/src/utils/context_variant_util/on_breakpoint_util.dart
DA:12,3
DA:15,3
DA:18,3
DA:21,3
DA:28,0
DA:29,0
DA:34,0
DA:36,0
DA:37,0
DA:38,0
DA:39,0
DA:41,0
DA:51,1
DA:52,1
DA:53,3
DA:54,1
DA:55,2
DA:57,1
DA:59,1
DA:61,1
LF:20
LH:12
end_of_record
SF:lib/src/utils/context_variant_util/on_brightness_util.dart
DA:10,9
DA:13,9
DA:20,3
DA:21,3
DA:22,9
DA:23,3
DA:24,9
LF:7
LH:7
end_of_record
SF:lib/src/utils/context_variant_util/on_directionality_util.dart
DA:7,3
DA:10,3
DA:19,1
DA:20,1
DA:21,3
DA:22,3
LF:6
LH:6
end_of_record
SF:lib/src/utils/context_variant_util/on_helper_util.dart
DA:12,4
DA:13,4
DA:14,8
DA:15,12
LF:4
LH:4
end_of_record
SF:lib/src/utils/context_variant_util/on_orientation_util.dart
DA:9,3
DA:14,3
DA:23,1
DA:24,1
DA:25,3
DA:26,1
DA:27,2
LF:7
LH:7
end_of_record
SF:lib/src/utils/decorators_util.dart
DA:21,0
DA:22,0
DA:24,1
DA:25,1
DA:32,54
DA:37,2
DA:38,0
DA:39,2
DA:41,1
DA:42,1
DA:47,54
DA:48,3
DA:49,3
DA:50,3
DA:52,3
DA:56,54
LF:16
LH:13
end_of_record
SF:lib/src/utils/helper_util.dart
DA:8,109
DA:10,1
DA:32,3
DA:35,1
LF:4
LH:4
end_of_record
SF:lib/src/utils/pressable_util.dart
DA:9,3
DA:10,3
DA:11,3
DA:12,6
DA:14,8
DA:16,3
DA:18,1
DA:19,1
DA:21,2
DA:25,2
DA:26,2
DA:27,6
DA:28,2
DA:29,2
DA:31,4
LF:15
LH:15
end_of_record
SF:lib/src/variants/context_variant.dart
DA:50,10
DA:52,3
DA:75,3
DA:78,3
DA:81,6
DA:84,1
DA:85,3
LF:7
LH:7
end_of_record
SF:lib/src/variants/multi_variant.dart
DA:57,3
DA:59,3
DA:63,3
DA:64,15
DA:65,12
DA:67,3
DA:73,3
DA:74,3
DA:80,2
DA:81,2
DA:97,2
DA:98,6
DA:100,4
DA:101,2
DA:102,0
DA:121,2
DA:122,2
DA:123,4
DA:125,4
DA:126,4
DA:127,2
DA:145,1
DA:146,2
DA:148,2
DA:149,4
DA:150,4
DA:151,4
DA:158,1
DA:181,1
DA:184,1
DA:186,2
DA:189,0
DA:190,0
LF:33
LH:30
end_of_record
SF:lib/src/variants/variant.dart
DA:45,55
DA:57,3
DA:69,3
DA:75,1
DA:97,1
DA:100,1
DA:102,2
DA:105,3
DA:106,6
LF:9
LH:9
end_of_record
SF:lib/src/widgets/empty_widget.dart
DA:4,1
DA:6,0
LF:2
LH:1
end_of_record
SF:lib/src/widgets/gap_widget.dart
DA:9,1
DA:13,1
DA:15,2
DA:18,0
DA:20,0
DA:27,1
DA:30,1
DA:31,1
DA:33,1
DA:34,1
DA:38,0
DA:39,0
DA:40,0
DA:41,0
DA:42,0
DA:45,1
DA:47,1
DA:48,1
DA:52,2
DA:53,0
DA:54,1
DA:55,2
DA:56,0
DA:57,1
DA:58,1
DA:59,3
DA:60,3
DA:63,1
DA:68,0
DA:70,0
DA:71,0
LF:31
LH:19
end_of_record
SF:lib/src/widgets/pressable/pressable.notifier.dart
DA:6,3
DA:13,3
DA:14,3
DA:21,1
DA:23,6
LF:5
LH:5
end_of_record
SF:lib/src/widgets/pressable/pressable_widget.dart
DA:7,1
DA:27,1
DA:30,1
DA:36,1
DA:38,1
DA:39,4
DA:42,1
DA:43,4
DA:46,0
DA:48,0
DA:49,0
DA:50,0
DA:54,1
DA:56,4
DA:57,1
DA:65,5
DA:67,1
DA:68,4
DA:73,1
DA:77,1
DA:81,1
DA:89,0
DA:90,0
DA:91,0
DA:92,0
DA:97,0
DA:98,0
DA:101,1
DA:103,1
DA:104,1
DA:105,1
DA:107,3
DA:108,2
DA:109,1
DA:110,0
DA:111,0
DA:112,0
DA:113,0
DA:114,0
DA:115,2
DA:116,0
DA:117,0
DA:118,2
DA:119,1
DA:120,1
DA:121,1
DA:122,2
DA:123,0
DA:124,0
DA:125,2
DA:126,1
DA:127,1
DA:128,1
DA:129,2
LF:54
LH:35
end_of_record
SF:lib/src/widgets/styled_widget.dart
DA:8,1
DA:22,1
DA:23,2
DA:31,0
LF:4
LH:3
end_of_record
SF:lib/src/attributes/color/color_util.dart
DA:11,56
DA:16,0
LF:2
LH:1
end_of_record
SF:lib/src/attributes/color/color_attribute.dart
DA:11,2
DA:17,0
DA:19,0
DA:22,0
DA:23,0
DA:25,0
DA:26,0
LF:7
LH:1
end_of_record
SF:lib/src/attributes/constraints/constraints_dto.dart
DA:8,5
DA:18,5
DA:25,2
DA:26,2
DA:27,2
DA:28,2
DA:29,2
DA:30,2
DA:34,0
DA:35,0
DA:38,2
DA:42,2
DA:43,1
DA:44,1
DA:45,1
DA:46,2
DA:47,2
DA:48,2
DA:49,2
DA:50,2
DA:57,2
DA:61,2
DA:62,2
DA:63,4
DA:64,2
DA:65,4
DA:69,2
DA:70,10
LF:28
LH:26
end_of_record
SF:lib/src/attributes/decoration/decoration_dto.dart
DA:17,5
DA:19,0
DA:22,0
DA:23,0
DA:25,0
DA:26,0
DA:29,0
DA:30,0
DA:44,5
DA:53,1
DA:54,1
DA:55,2
DA:56,2
DA:57,2
DA:58,2
DA:59,3
DA:60,1
DA:64,0
DA:65,0
DA:68,2
DA:70,2
DA:71,4
DA:72,2
DA:73,2
DA:74,2
DA:75,3
DA:76,2
DA:80,2
DA:84,2
DA:85,6
DA:86,6
DA:88,6
DA:89,4
DA:90,6
DA:94,2
DA:96,14
DA:106,2
DA:113,0
DA:114,0
DA:115,0
DA:116,0
DA:117,0
DA:118,0
DA:122,0
DA:123,0
DA:126,1
DA:128,1
DA:129,1
DA:130,2
DA:131,5
DA:132,1
DA:136,1
DA:140,1
DA:141,2
DA:142,2
DA:143,1
DA:144,2
DA:148,1
DA:149,5
LF:59
LH:42
end_of_record
SF:lib/src/attributes/gradient/gradient_dto.dart
DA:34,3
DA:38,0
DA:39,0
DA:40,0
DA:42,0
DA:43,0
DA:45,0
DA:46,0
DA:49,0
DA:56,1
DA:57,0
DA:69,0
DA:70,0
DA:121,3
DA:130,2
DA:131,2
DA:132,2
DA:133,2
DA:134,2
DA:135,2
DA:136,6
DA:137,2
DA:141,0
DA:142,0
DA:145,2
DA:147,2
DA:148,2
DA:149,2
DA:150,11
DA:151,5
DA:152,2
DA:153,2
DA:157,0
DA:161,0
DA:162,0
DA:163,0
DA:164,0
DA:165,0
DA:166,0
DA:167,0
DA:171,2
DA:172,14
DA:230,1
DA:241,1
DA:242,1
DA:243,1
DA:244,1
DA:245,1
DA:246,1
DA:247,1
DA:248,1
DA:249,3
DA:250,1
DA:254,0
DA:255,0
DA:258,1
DA:260,1
DA:261,1
DA:262,1
DA:263,6
DA:264,4
DA:265,1
DA:266,1
DA:267,1
DA:268,1
DA:272,0
DA:276,0
DA:277,0
DA:278,0
DA:279,0
DA:280,0
DA:281,0
DA:282,0
DA:283,0
DA:284,0
DA:288,1
DA:290,9
DA:347,1
DA:357,1
DA:358,1
DA:359,1
DA:360,1
DA:361,1
DA:362,1
DA:363,1
DA:364,3
DA:365,1
DA:369,0
DA:370,0
DA:373,1
DA:375,1
DA:376,1
DA:377,1
DA:378,1
DA:379,6
DA:380,4
DA:381,1
DA:382,1
DA:386,0
DA:390,0
DA:391,0
DA:392,0
DA:393,0
DA:394,0
DA:395,0
DA:396,0
DA:397,0
DA:401,1
DA:403,8
LF:109
LH:65
end_of_record
SF:lib/src/attributes/scalars/scalar_attribute_util.dart
DA:11,0
DA:12,0
DA:18,54
DA:24,0
DA:30,0
DA:36,0
LF:6
LH:1
end_of_record
SF:lib/src/attributes/spacing/spacing_dto.dart
DA:10,4
DA:19,1
DA:20,1
DA:21,1
DA:22,1
DA:23,1
DA:24,1
DA:25,1
DA:27,1
DA:28,1
DA:29,1
DA:30,1
DA:31,1
DA:32,1
DA:36,0
DA:43,0
DA:44,0
DA:47,2
DA:51,2
DA:52,3
DA:53,3
DA:54,3
DA:55,3
DA:56,4
DA:57,4
DA:61,2
DA:63,2
DA:64,1
DA:65,3
DA:66,3
DA:67,3
DA:68,3
DA:70,2
DA:71,6
DA:72,6
DA:73,6
DA:74,6
LF:37
LH:34
end_of_record
SF:lib/src/attributes/strut_style/strut_style_dto.dart
DA:17,0
DA:28,0
DA:29,0
DA:30,0
DA:31,0
DA:32,0
DA:33,0
DA:34,0
DA:35,0
DA:36,0
DA:37,0
DA:41,0
DA:42,0
DA:45,0
DA:49,0
DA:50,0
DA:51,0
DA:52,0
DA:53,0
DA:54,0
DA:55,0
DA:56,0
DA:57,0
DA:61,0
DA:65,0
DA:66,0
DA:67,0
DA:68,0
DA:69,0
DA:70,0
DA:71,0
DA:72,0
DA:73,0
DA:77,0
DA:78,0
DA:79,0
DA:80,0
DA:81,0
DA:82,0
DA:83,0
DA:84,0
DA:85,0
DA:86,0
LF:43
LH:0
end_of_record
SF:lib/src/attributes/strut_style/strut_style_util.dart
DA:10,0
DA:11,0
DA:13,0
DA:14,0
DA:17,0
DA:18,0
DA:21,0
DA:22,0
DA:25,0
DA:26,0
DA:29,0
DA:30,0
DA:31,0
DA:35,0
DA:37,0
DA:39,0
DA:40,0
DA:42,0
DA:52,0
DA:63,0
LF:20
LH:0
end_of_record
SF:lib/src/attributes/text_style/text_style_dto.dart
DA:41,1
DA:65,0
DA:88,0
DA:89,0
DA:90,0
DA:91,0
DA:92,0
DA:93,0
DA:94,0
DA:95,0
DA:96,0
DA:97,0
DA:98,0
DA:99,0
DA:100,0
DA:101,0
DA:102,0
DA:103,0
DA:104,0
DA:105,0
DA:106,0
DA:107,0
DA:108,0
DA:109,0
DA:110,0
DA:114,0
DA:115,0
DA:118,2
DA:120,0
DA:124,0
DA:128,0
DA:129,0
DA:130,0
DA:131,0
DA:132,0
DA:133,0
DA:134,0
DA:135,0
DA:136,0
DA:137,0
DA:138,0
DA:139,0
DA:140,0
DA:142,0
DA:143,0
DA:144,0
DA:145,0
DA:146,0
DA:147,0
DA:148,0
DA:149,0
DA:150,0
DA:151,0
DA:152,0
DA:156,1
DA:158,1
DA:159,0
DA:160,1
DA:161,2
DA:162,2
DA:163,1
DA:164,1
DA:165,1
DA:166,1
DA:167,1
DA:168,1
DA:169,1
DA:170,1
DA:171,1
DA:172,1
DA:173,5
DA:174,1
DA:175,1
DA:176,2
DA:177,1
DA:178,1
DA:179,1
DA:180,1
DA:181,1
DA:185,0
DA:186,0
DA:187,0
DA:188,0
DA:189,0
DA:190,0
DA:191,0
DA:192,0
DA:193,0
DA:194,0
DA:195,0
DA:196,0
DA:197,0
DA:198,0
DA:199,0
DA:200,0
DA:201,0
DA:202,0
DA:203,0
DA:204,0
DA:205,0
DA:206,0
DA:207,0
DA:208,0
DA:215,1
DA:217,1
DA:240,2
DA:265,1
DA:266,2
DA:269,0
DA:270,0
DA:273,0
DA:274,0
DA:277,0
DA:278,0
DA:287,1
DA:289,1
DA:290,3
DA:291,1
DA:292,1
DA:295,0
DA:297,0
DA:300,0
DA:301,0
LF:123
LH:36
end_of_record
SF:lib/src/helpers/build_context_ext.dart
DA:8,4
DA:13,2
DA:16,2
DA:19,0
DA:22,3
DA:25,2
DA:28,3
DA:31,3
DA:34,2
DA:37,3
DA:40,3
DA:43,3
LF:12
LH:11
end_of_record
SF:lib/src/helpers/deep_collection_equality.dart
DA:2,55
DA:3,5
DA:4,15
DA:5,8
DA:6,16
DA:14,4
DA:16,12
DA:18,8
DA:19,12
DA:20,12
DA:31,1
DA:32,3
DA:33,2
DA:34,1
DA:42,8
DA:44,24
DA:46,8
DA:47,5
DA:48,4
DA:49,1
DA:50,4
DA:51,4
DA:54,4
DA:57,1
DA:58,1
DA:59,3
DA:60,2
DA:61,1
DA:62,1
DA:63,1
DA:65,2
DA:66,2
DA:72,1
LF:33
LH:33
end_of_record
SF:lib/src/helpers/lerp_helpers.dart
DA:15,1
DA:16,5
DA:33,1
DA:34,1
LF:4
LH:4
end_of_record
