SF:lib/src/helpers/compare_mixin.dart
DA:8,3
DA:9,12
DA:16,25
DA:22,25
DA:23,50
DA:26,42
DA:27,25
DA:28,25
DA:31,38
DA:32,13
DA:35,48
DA:36,8
DA:39,63
DA:43,21
DA:53,25
DA:54,25
DA:60,3
DA:62,3
DA:63,2
DA:64,10
DA:65,4
DA:66,8
DA:72,3
DA:73,0
DA:76,3
DA:77,4
DA:78,4
DA:81,4
DA:85,9
DA:86,12
DA:88,6
DA:92,3
DA:93,12
DA:94,6
DA:96,12
DA:102,2
DA:103,6
DA:105,3
DA:107,5
DA:108,1
DA:110,1
DA:114,2
DA:116,2
DA:127,3
DA:130,49
DA:133,45
DA:134,135
DA:135,132
DA:139,8
DA:140,40
DA:143,0
DA:144,0
DA:147,0
DA:149,0
DA:150,0
DA:151,0
DA:153,0
DA:154,0
DA:155,0
DA:157,0
DA:158,0
DA:159,0
DA:161,0
DA:162,0
DA:163,0
DA:164,0
DA:168,0
DA:175,3
DA:177,12
LF:69
LH:51
end_of_record
SF:lib/src/attributes/border/border_attribute.dart
DA:13,6
DA:15,0
DA:16,0
DA:17,0
DA:18,0
DA:19,0
DA:20,0
DA:21,0
DA:25,0
DA:26,0
DA:27,0
DA:28,0
DA:29,0
DA:30,0
DA:34,0
DA:35,0
DA:39,0
DA:40,0
DA:45,9
DA:47,9
DA:49,1
DA:51,2
DA:54,5
DA:55,10
DA:57,1
DA:58,2
DA:62,6
DA:64,1
DA:69,1
DA:70,1
DA:74,6
DA:80,6
DA:81,6
DA:89,2
DA:93,2
DA:101,1
DA:102,1
DA:110,1
DA:112,3
DA:115,9
DA:116,9
DA:120,3
DA:122,1
DA:127,1
DA:128,1
DA:132,3
DA:138,3
DA:139,3
DA:143,1
DA:147,1
DA:155,2
DA:156,2
DA:164,1
DA:166,3
DA:169,6
DA:170,6
LF:56
LH:39
end_of_record
SF:lib/src/core/attribute.dart
DA:8,662
DA:12,657
DA:20,29
DA:35,647
DA:37,0
DA:40,0
DA:42,0
DA:45,0
DA:48,0
DA:50,0
DA:53,0
DA:59,9
DA:76,15
DA:78,0
DA:79,0
DA:81,0
DA:84,0
DA:85,0
DA:88,1
DA:93,4
DA:96,2
DA:97,2
LF:22
LH:10
end_of_record
SF:lib/src/core/extensions/values_ext.dart
DA:18,1
DA:19,1
DA:20,1
DA:21,1
DA:22,1
DA:23,1
DA:24,1
DA:25,1
DA:26,1
DA:27,1
DA:31,1
DA:32,1
DA:33,2
DA:34,1
DA:35,2
DA:36,2
DA:37,2
DA:38,2
DA:39,1
DA:40,2
DA:41,1
DA:42,2
DA:48,4
DA:52,0
DA:56,0
DA:60,0
DA:64,3
DA:65,6
DA:66,0
DA:67,0
DA:70,0
DA:75,6
DA:76,6
DA:77,6
DA:78,6
DA:79,6
DA:84,2
DA:85,2
DA:86,2
DA:87,2
DA:88,2
DA:93,0
DA:94,0
DA:95,0
DA:96,0
DA:99,0
DA:104,0
DA:105,0
DA:106,0
DA:107,0
DA:108,0
DA:113,0
DA:114,0
DA:118,4
DA:122,0
DA:123,0
DA:125,0
DA:126,0
DA:128,0
DA:131,0
DA:132,0
DA:134,0
DA:136,0
DA:138,0
DA:142,0
DA:143,0
DA:144,0
DA:146,0
DA:150,0
DA:151,0
DA:152,0
DA:153,0
DA:154,0
DA:156,24
DA:161,1
DA:162,1
DA:167,2
DA:168,1
DA:169,1
DA:170,2
DA:171,5
DA:176,4
DA:177,2
DA:178,2
DA:179,2
DA:180,2
DA:186,2
DA:190,2
DA:191,2
DA:192,2
DA:193,2
DA:194,2
DA:195,5
DA:196,1
DA:201,1
DA:202,2
DA:203,0
DA:204,0
DA:207,0
DA:212,4
DA:213,2
DA:214,2
DA:215,2
DA:216,2
DA:221,1
DA:222,1
DA:223,1
DA:224,1
DA:225,1
DA:226,1
DA:231,2
DA:234,0
DA:235,0
DA:237,0
DA:242,0
DA:246,6
DA:247,6
DA:248,3
DA:249,3
DA:250,3
DA:255,2
DA:256,1
DA:257,2
DA:258,1
DA:263,0
DA:264,0
DA:269,4
DA:270,4
DA:271,2
DA:272,2
DA:273,2
DA:278,1
DA:279,4
DA:284,2
DA:285,1
DA:286,2
DA:287,1
DA:288,1
DA:289,1
DA:290,1
DA:291,1
DA:292,1
DA:293,1
DA:294,1
DA:295,1
DA:296,1
DA:297,1
DA:298,1
DA:299,1
DA:300,1
DA:301,1
DA:302,1
DA:303,1
DA:304,1
DA:307,0
LF:155
LH:108
end_of_record
SF:lib/src/factory/mix_provider_data.dart
DA:24,31
DA:30,31
DA:31,31
DA:33,62
DA:35,31
DA:37,31
DA:44,16
DA:49,1
DA:50,1
DA:55,1
DA:56,2
DA:59,10
DA:60,20
DA:61,10
DA:63,10
DA:69,0
DA:70,0
DA:73,0
DA:76,0
DA:77,0
DA:79,0
DA:80,0
DA:81,0
DA:90,1
DA:91,1
DA:92,1
DA:93,3
DA:98,0
DA:99,0
DA:102,31
DA:107,93
DA:109,62
DA:110,62
DA:113,31
DA:114,93
DA:117,2
DA:118,1
DA:121,1
DA:122,0
DA:125,1
DA:128,1
DA:133,3
DA:136,10
DA:137,10
DA:139,10
DA:140,0
LF:46
LH:34
end_of_record
SF:lib/src/attributes/border/border_dto.dart
DA:21,8
DA:30,18
DA:32,6
DA:34,14
DA:36,2
DA:37,4
DA:40,2
DA:47,2
DA:50,2
DA:51,2
DA:52,2
DA:53,2
DA:54,3
DA:55,3
DA:56,2
DA:57,3
DA:61,1
DA:62,1
DA:63,2
DA:64,2
DA:65,1
DA:66,2
DA:73,6
DA:75,6
DA:76,2
DA:77,4
DA:78,4
DA:79,4
DA:80,4
DA:84,6
DA:85,12
DA:86,12
DA:87,12
DA:88,12
DA:92,1
DA:93,7
DA:103,10
DA:110,1
DA:111,1
DA:112,2
DA:113,1
DA:114,1
DA:115,1
DA:119,1
DA:125,1
DA:126,0
DA:127,1
DA:128,1
DA:129,0
DA:133,1
DA:137,1
DA:138,3
DA:139,2
DA:140,1
DA:141,1
DA:145,7
DA:149,7
DA:150,15
DA:151,7
DA:152,10
DA:153,11
DA:157,2
DA:158,10
LF:63
LH:61
end_of_record
SF:lib/src/attributes/color/color_dto.dart
DA:10,19
DA:12,1
DA:13,1
DA:15,17
DA:17,17
DA:19,17
DA:22,2
DA:24,2
DA:27,6
DA:28,12
LF:10
LH:10
end_of_record
SF:lib/src/attributes/border/border_radius_attribute.dart
DA:12,5
DA:14,0
DA:17,0
DA:18,0
DA:19,0
DA:20,0
DA:21,0
DA:22,0
DA:26,0
DA:27,0
DA:28,0
DA:29,0
DA:30,0
DA:31,0
DA:35,0
DA:36,0
DA:40,0
DA:45,0
DA:52,2
DA:53,4
DA:55,2
DA:56,4
DA:58,2
DA:59,4
DA:61,2
DA:62,4
DA:64,2
DA:65,4
DA:67,2
DA:68,4
DA:70,2
DA:71,4
DA:73,2
DA:74,4
DA:76,1
DA:80,2
DA:83,4
DA:84,8
DA:86,1
DA:87,2
DA:91,5
DA:93,1
DA:94,1
DA:95,1
DA:104,5
DA:110,5
DA:111,5
DA:120,1
DA:121,1
DA:129,1
DA:130,1
DA:138,1
DA:139,2
DA:142,1
DA:146,3
DA:151,3
DA:153,1
DA:154,1
DA:155,1
DA:164,3
DA:170,3
DA:171,3
DA:180,1
DA:184,1
DA:192,1
DA:196,1
DA:204,1
DA:205,2
DA:208,1
DA:212,3
LF:70
LH:53
end_of_record
SF:lib/src/attributes/border/border_radius_dto.dart
DA:20,5
DA:31,4
DA:32,4
DA:33,4
DA:34,4
DA:35,4
DA:37,1
DA:41,1
DA:42,2
DA:43,2
DA:44,2
DA:45,2
DA:46,2
DA:47,2
DA:48,2
DA:49,2
DA:53,4
DA:57,4
DA:58,2
DA:59,2
DA:60,2
DA:61,2
DA:62,2
DA:64,4
DA:65,4
DA:66,4
DA:67,4
DA:68,4
DA:72,1
DA:73,1
DA:74,1
DA:75,1
DA:76,1
DA:77,1
DA:78,1
DA:79,1
DA:80,1
DA:81,1
LF:38
LH:38
end_of_record
SF:lib/src/attributes/color/color_attribute.dart
DA:11,1
DA:17,0
DA:19,0
DA:22,1
DA:23,2
DA:25,0
DA:26,0
LF:7
LH:3
end_of_record
SF:lib/src/theme/tokens/color_token.dart
DA:6,4
DA:8,0
DA:10,2
DA:11,4
DA:22,4
DA:24,1
DA:28,4
DA:31,1
DA:32,2
LF:9
LH:8
end_of_record
SF:lib/src/attributes/constraints/constraints_attribute.dart
DA:11,4
DA:22,4
DA:29,0
DA:30,0
DA:31,0
DA:32,0
DA:33,0
DA:34,0
DA:38,0
DA:39,0
DA:42,2
DA:46,2
DA:47,2
DA:48,1
DA:49,1
DA:50,2
DA:51,2
DA:52,2
DA:53,2
DA:54,2
DA:61,1
DA:65,1
DA:66,1
DA:67,2
DA:68,1
DA:69,2
DA:73,1
DA:74,5
DA:76,0
DA:78,0
DA:84,0
DA:86,0
DA:87,0
DA:93,0
DA:95,0
DA:96,0
LF:36
LH:20
end_of_record
SF:lib/src/attributes/scalars/scalars_attribute.dart
DA:12,9
DA:14,7
DA:17,1
DA:18,2
DA:23,1
DA:25,0
DA:26,0
DA:32,2
DA:34,0
DA:35,0
DA:37,0
DA:39,0
DA:47,3
DA:49,0
DA:50,0
DA:52,0
DA:54,0
DA:61,2
DA:63,0
DA:64,0
DA:70,1
DA:72,0
DA:73,0
DA:75,0
DA:77,0
DA:79,0
DA:81,0
LF:27
LH:9
end_of_record
SF:lib/src/attributes/decoration/decoration_attribute.dart
DA:18,7
DA:23,0
DA:25,0
DA:38,7
DA:47,0
DA:48,0
DA:49,0
DA:50,0
DA:52,0
DA:53,0
DA:54,0
DA:55,0
DA:59,0
DA:60,0
DA:63,4
DA:65,4
DA:66,7
DA:67,6
DA:68,5
DA:69,4
DA:70,5
DA:71,4
DA:75,1
DA:79,1
DA:80,3
DA:81,2
DA:83,2
DA:84,2
DA:85,2
DA:89,1
DA:91,7
DA:101,3
DA:108,1
DA:110,1
DA:111,2
DA:112,2
DA:113,1
DA:114,1
DA:118,1
DA:122,1
DA:123,2
DA:124,2
DA:125,1
DA:126,2
DA:130,1
DA:131,5
LF:46
LH:34
end_of_record
SF:lib/src/core/extensions/iterable_ext.dart
DA:6,3
DA:8,1
DA:9,2
DA:10,1
DA:18,3
DA:19,3
DA:20,3
DA:27,0
DA:30,0
DA:32,0
DA:33,0
DA:34,0
DA:36,0
DA:37,0
DA:38,0
DA:39,0
DA:40,0
DA:41,0
DA:45,0
DA:46,0
DA:49,0
LF:21
LH:7
end_of_record
SF:lib/src/attributes/gradient/gradient_attribute.dart
DA:11,4
DA:13,2
DA:14,4
DA:17,0
DA:18,0
DA:21,0
DA:22,0
DA:25,0
DA:29,0
DA:30,0
DA:34,3
DA:35,6
DA:37,2
DA:38,4
LF:14
LH:7
end_of_record
SF:lib/src/attributes/shadow/shadow_dto.dart
DA:14,5
DA:25,3
DA:27,2
DA:31,2
DA:32,4
DA:33,2
DA:34,2
DA:38,1
DA:42,1
DA:43,1
DA:44,1
DA:45,1
DA:49,0
DA:50,0
DA:56,4
DA:63,1
DA:64,1
DA:65,2
DA:66,1
DA:67,1
DA:68,1
DA:72,0
DA:73,0
DA:76,3
DA:80,3
DA:81,6
DA:82,3
DA:83,3
DA:84,3
DA:88,1
DA:92,1
DA:93,1
DA:94,1
DA:95,1
DA:96,1
DA:100,1
DA:101,5
LF:37
LH:33
end_of_record
SF:lib/src/attributes/gradient/gradient_dto.dart
DA:13,4
DA:15,2
DA:16,2
DA:17,2
DA:19,1
DA:20,1
DA:22,0
DA:23,0
DA:26,0
DA:35,0
DA:36,0
DA:45,4
DA:54,3
DA:55,3
DA:56,3
DA:57,3
DA:58,3
DA:59,3
DA:60,9
DA:61,3
DA:65,0
DA:66,0
DA:69,3
DA:71,3
DA:72,3
DA:73,3
DA:74,16
DA:75,6
DA:76,3
DA:77,3
DA:81,0
DA:85,0
DA:86,0
DA:87,0
DA:88,0
DA:89,0
DA:90,0
DA:91,0
DA:95,2
DA:96,14
DA:110,2
DA:121,2
DA:122,2
DA:123,2
DA:124,2
DA:125,2
DA:126,2
DA:127,2
DA:128,2
DA:129,6
DA:130,2
DA:134,0
DA:135,0
DA:138,2
DA:140,2
DA:141,2
DA:142,2
DA:143,11
DA:144,5
DA:145,2
DA:146,2
DA:147,2
DA:148,2
DA:152,0
DA:156,0
DA:157,0
DA:158,0
DA:159,0
DA:160,0
DA:161,0
DA:162,0
DA:163,0
DA:164,0
DA:168,1
DA:170,9
DA:181,1
DA:191,1
DA:192,1
DA:193,1
DA:194,1
DA:195,1
DA:196,1
DA:197,1
DA:198,3
DA:199,1
DA:203,0
DA:204,0
DA:207,1
DA:209,1
DA:210,1
DA:211,1
DA:212,1
DA:213,6
DA:214,4
DA:215,1
DA:216,1
DA:220,0
DA:224,0
DA:225,0
DA:226,0
DA:227,0
DA:228,0
DA:229,0
DA:230,0
DA:231,0
DA:235,1
DA:237,8
LF:107
LH:69
end_of_record
SF:lib/src/attributes/spacing/edge_insets_dto.dart
DA:18,6
DA:27,12
DA:32,3
DA:33,21
LF:4
LH:4
end_of_record
SF:lib/src/attributes/spacing/spacing_attribute.dart
DA:23,4
DA:25,0
DA:27,3
DA:28,3
DA:29,3
DA:30,3
DA:31,3
DA:32,3
DA:37,3
DA:38,6
DA:40,2
DA:41,4
DA:43,0
DA:45,0
DA:51,4
DA:53,3
DA:61,3
DA:62,3
DA:73,0
DA:74,0
DA:77,0
DA:78,0
DA:81,1
DA:85,4
DA:91,4
DA:93,3
DA:101,3
DA:102,3
DA:113,0
DA:114,0
DA:117,0
DA:118,0
DA:121,1
DA:123,4
LF:34
LH:23
end_of_record
SF:lib/src/attributes/spacing/spacing_dto.dart
DA:10,6
DA:19,1
DA:20,1
DA:21,1
DA:22,1
DA:23,1
DA:24,1
DA:25,1
DA:27,1
DA:28,1
DA:29,1
DA:30,1
DA:31,1
DA:32,1
DA:36,0
DA:43,0
DA:44,0
DA:47,2
DA:51,2
DA:52,3
DA:53,3
DA:54,3
DA:55,3
DA:56,4
DA:57,4
DA:61,4
DA:63,4
DA:64,1
DA:65,3
DA:66,3
DA:67,3
DA:68,3
DA:70,4
DA:71,12
DA:72,12
DA:73,12
DA:74,12
LF:37
LH:34
end_of_record
SF:lib/src/attributes/strut_style/strut_style_attribute.dart
DA:18,4
DA:29,2
DA:33,1
DA:34,2
DA:35,2
DA:36,2
DA:37,1
DA:38,2
DA:39,1
DA:40,1
DA:41,2
DA:45,2
DA:49,2
DA:50,3
DA:51,4
DA:52,2
DA:53,3
DA:54,3
DA:55,3
DA:56,3
DA:57,4
DA:61,1
DA:62,1
DA:63,1
DA:64,1
DA:65,1
DA:66,1
DA:67,1
DA:68,1
DA:69,1
DA:70,1
LF:31
LH:31
end_of_record
SF:lib/src/attributes/style_mix_attribute.dart
DA:12,1
DA:16,1
DA:20,2
DA:23,1
DA:24,2
DA:29,1
DA:31,1
DA:33,3
LF:8
LH:8
end_of_record
SF:lib/src/factory/style_mix.dart
DA:45,0
DA:46,0
DA:47,0
DA:48,0
DA:49,0
DA:50,0
DA:52,93
DA:68,13
DA:90,13
DA:93,13
DA:95,13
DA:107,35
DA:108,35
DA:109,35
DA:111,49
DA:112,14
DA:113,14
DA:114,3
DA:115,2
DA:116,2
DA:117,4
DA:118,4
DA:120,2
DA:124,35
DA:125,35
DA:126,35
DA:138,1
DA:155,1
DA:156,1
DA:158,3
DA:180,1
DA:186,12
DA:189,5
DA:192,2
DA:197,3
DA:224,1
DA:225,2
DA:231,3
DA:235,3
DA:236,0
DA:237,0
DA:247,4
DA:250,9
DA:251,9
DA:253,3
DA:282,1
DA:284,1
DA:289,1
DA:290,1
DA:294,1
DA:299,3
DA:300,1
DA:301,1
DA:303,1
DA:308,2
DA:311,2
DA:312,1
DA:314,1
DA:319,1
DA:320,1
DA:321,1
DA:325,1
DA:331,5
DA:334,1
DA:337,1
DA:363,1
DA:367,1
DA:371,3
DA:372,2
DA:373,1
DA:376,2
DA:381,4
DA:383,1
DA:409,1
DA:410,1
DA:412,2
DA:413,1
DA:414,2
DA:418,1
DA:421,4
DA:422,12
DA:435,1
DA:438,0
DA:440,0
DA:441,0
DA:443,0
LF:86
LH:74
end_of_record
SF:lib/src/attributes/text_style/text_style_attribute.dart
DA:41,5
DA:66,0
DA:67,0
DA:68,0
DA:69,0
DA:70,0
DA:71,0
DA:72,0
DA:73,0
DA:74,0
DA:75,0
DA:76,0
DA:77,0
DA:78,0
DA:79,0
DA:80,0
DA:81,0
DA:82,0
DA:83,0
DA:84,0
DA:85,0
DA:86,0
DA:87,0
DA:88,0
DA:92,0
DA:115,8
DA:117,1
DA:121,2
DA:125,1
DA:126,2
DA:127,2
DA:128,1
DA:129,2
DA:130,1
DA:131,1
DA:132,1
DA:133,2
DA:134,2
DA:135,1
DA:136,1
DA:137,1
DA:139,2
DA:140,1
DA:141,1
DA:142,1
DA:143,2
DA:144,1
DA:145,1
DA:146,1
DA:147,2
DA:148,1
DA:149,1
DA:153,4
DA:155,4
DA:156,0
DA:157,4
DA:158,8
DA:159,5
DA:160,4
DA:161,4
DA:162,4
DA:163,4
DA:164,4
DA:165,4
DA:166,4
DA:167,4
DA:168,4
DA:169,4
DA:170,8
DA:171,4
DA:172,4
DA:173,6
DA:174,4
DA:175,4
DA:176,4
DA:177,4
DA:178,4
DA:182,1
DA:183,1
DA:184,1
DA:185,1
DA:186,1
DA:187,1
DA:188,1
DA:189,1
DA:190,1
DA:191,1
DA:192,1
DA:193,1
DA:194,1
DA:195,1
DA:196,1
DA:197,1
DA:198,1
DA:199,1
DA:200,1
DA:201,1
DA:202,1
DA:203,1
DA:204,1
DA:205,1
DA:214,4
DA:216,0
DA:217,0
DA:221,0
DA:222,0
DA:225,0
DA:226,0
DA:229,4
DA:252,4
DA:276,8
DA:279,4
DA:288,16
DA:291,6
DA:292,4
DA:295,2
DA:302,4
DA:305,1
DA:306,2
LF:119
LH:88
end_of_record
SF:lib/src/theme/tokens/text_style_token.dart
DA:9,3
DA:11,1
DA:13,2
DA:17,4
DA:29,2
DA:31,1
DA:35,4
DA:38,0
DA:39,0
DA:41,0
DA:42,0
DA:44,0
DA:45,0
DA:47,0
DA:48,0
DA:50,0
DA:51,0
DA:53,0
DA:54,0
DA:56,0
DA:57,0
DA:59,0
DA:60,0
DA:62,0
DA:63,0
DA:65,0
DA:66,0
DA:68,0
DA:70,0
DA:72,0
DA:73,0
DA:75,0
DA:76,0
DA:78,0
DA:79,0
DA:81,0
DA:82,0
DA:84,0
DA:85,0
DA:87,0
DA:89,0
DA:91,0
DA:92,0
DA:94,0
DA:95,0
DA:97,0
DA:99,0
DA:101,0
DA:102,0
DA:104,0
DA:105,0
DA:107,1
DA:108,2
DA:111,0
DA:112,0
DA:119,0
DA:121,0
DA:123,0
LF:58
LH:9
end_of_record
SF:lib/src/attributes/variant_attribute.dart
DA:15,4
DA:17,6
DA:19,6
DA:21,0
DA:23,0
DA:25,0
DA:28,1
DA:29,3
DA:39,3
DA:41,3
DA:42,9
DA:44,0
DA:46,0
DA:48,0
DA:52,0
DA:53,0
DA:54,0
DA:63,1
DA:66,1
DA:67,2
DA:68,1
DA:69,0
DA:70,1
DA:71,0
DA:74,2
DA:77,1
DA:78,2
DA:80,0
DA:81,0
DA:83,0
DA:85,0
DA:87,0
LF:32
LH:16
end_of_record
SF:lib/src/variants/context_variant.dart
DA:50,10
DA:52,3
DA:75,3
DA:78,3
DA:81,6
DA:84,1
DA:85,3
LF:7
LH:7
end_of_record
SF:lib/src/variants/multi_variant.dart
DA:57,3
DA:59,3
DA:63,3
DA:64,15
DA:65,12
DA:67,3
DA:73,3
DA:74,3
DA:80,2
DA:81,2
DA:97,2
DA:98,6
DA:100,4
DA:101,2
DA:102,0
DA:121,2
DA:122,2
DA:123,4
DA:125,4
DA:126,4
DA:127,2
DA:145,1
DA:146,2
DA:148,2
DA:149,4
DA:150,4
DA:151,4
DA:158,1
DA:181,1
DA:184,1
DA:186,2
DA:189,0
DA:190,0
LF:33
LH:30
end_of_record
SF:lib/src/variants/variant.dart
DA:45,58
DA:57,3
DA:69,3
DA:75,1
DA:97,1
DA:100,1
DA:102,2
DA:105,3
DA:106,6
LF:9
LH:9
end_of_record
SF:lib/src/core/attributes_map.dart
DA:14,35
DA:16,58
DA:18,35
DA:19,70
DA:22,35
DA:25,35
DA:26,49
DA:27,14
DA:30,14
DA:31,7
DA:36,9
DA:38,9
DA:41,2
DA:48,6
DA:50,3
DA:52,0
DA:54,114
DA:56,1
DA:57,3
DA:59,0
DA:61,10
DA:62,30
DA:64,3
DA:65,12
DA:68,4
DA:69,9
DA:75,35
DA:77,58
DA:79,35
DA:80,70
DA:83,35
DA:86,35
DA:87,37
DA:88,2
DA:91,2
DA:93,2
DA:96,0
DA:103,3
DA:105,3
DA:107,0
DA:109,13
DA:111,31
DA:112,74
DA:114,0
DA:115,0
DA:117,3
DA:118,12
DA:121,3
DA:122,6
LF:49
LH:43
end_of_record
SF:lib/src/core/directive.dart
DA:11,2
DA:16,6
DA:18,1
DA:19,2
DA:33,2
DA:37,0
LF:6
LH:5
end_of_record
SF:lib/src/decorators/decorator.dart
DA:8,6
DA:13,5
DA:15,0
LF:3
LH:2
end_of_record
SF:lib/src/theme/mix_theme.dart
DA:12,11
DA:14,34
DA:15,41
DA:16,32
DA:19,1
DA:20,2
DA:25,0
DA:26,0
DA:37,82
DA:45,44
DA:46,0
DA:54,38
DA:61,38
DA:70,3
DA:77,3
DA:78,3
DA:79,3
DA:80,3
DA:81,3
DA:82,3
DA:86,0
DA:93,0
DA:94,0
DA:95,0
DA:96,0
DA:97,0
DA:98,0
DA:102,0
DA:103,0
DA:106,0
DA:108,0
DA:109,0
DA:112,0
DA:114,0
DA:115,0
DA:118,0
DA:119,0
DA:121,0
DA:122,0
DA:123,0
DA:125,0
DA:128,0
DA:129,0
DA:131,0
DA:134,1
DA:135,6
DA:142,31
DA:144,1
DA:145,4
DA:148,0
DA:150,1
DA:151,4
DA:154,0
DA:156,1
DA:157,4
DA:160,0
DA:162,4
DA:163,4
DA:164,0
DA:166,0
DA:169,0
DA:170,0
LF:62
LH:28
end_of_record
SF:lib/src/recipes/container/container_attribute.dart
DA:23,59
DA:36,4
DA:37,4
DA:39,4
DA:40,4
DA:41,4
DA:42,4
DA:43,4
DA:44,4
DA:45,4
DA:46,4
DA:47,4
DA:48,4
DA:49,4
DA:50,4
DA:53,4
DA:55,4
DA:56,6
DA:57,6
DA:58,6
DA:59,5
DA:60,7
DA:61,5
DA:62,6
DA:63,5
DA:64,4
DA:65,4
DA:69,4
DA:73,2
DA:74,3
DA:75,4
DA:76,4
DA:77,4
DA:78,4
DA:79,4
DA:80,3
DA:81,4
DA:82,4
DA:83,4
DA:87,0
DA:88,0
DA:89,0
DA:90,0
DA:91,0
DA:92,0
DA:93,0
DA:94,0
DA:95,0
DA:96,0
DA:97,0
DA:98,0
LF:51
LH:39
end_of_record
SF:lib/src/recipes/flex/flex_attribute.dart
DA:19,173
DA:31,1
DA:32,1
DA:35,2
DA:37,2
DA:38,2
DA:39,2
DA:40,2
DA:41,2
DA:42,2
DA:43,2
DA:44,2
DA:45,2
DA:46,2
DA:50,1
DA:54,1
DA:55,2
DA:56,2
DA:57,2
DA:58,2
DA:59,2
DA:60,2
DA:61,2
DA:62,2
DA:63,2
DA:67,0
DA:68,0
DA:69,0
DA:70,0
DA:71,0
DA:72,0
DA:73,0
DA:74,0
DA:75,0
DA:76,0
DA:77,0
LF:36
LH:25
end_of_record
SF:lib/src/recipes/image/image_attribute.dart
DA:16,58
DA:24,0
DA:26,0
DA:27,0
DA:28,0
DA:29,0
DA:30,0
DA:31,0
DA:35,0
DA:39,0
DA:40,0
DA:41,0
DA:42,0
DA:43,0
DA:44,0
DA:48,0
DA:49,0
LF:17
LH:1
end_of_record
SF:lib/src/recipes/stack/stack_attribute.dart
DA:13,115
DA:23,2
DA:24,2
DA:27,2
DA:29,2
DA:30,2
DA:31,2
DA:32,2
DA:33,2
DA:37,1
DA:41,1
DA:42,2
DA:43,2
DA:44,2
DA:45,2
DA:49,0
DA:50,0
LF:17
LH:15
end_of_record
SF:lib/src/recipes/text/text_attribute.dart
DA:24,61
DA:38,2
DA:39,2
DA:41,2
DA:42,2
DA:43,2
DA:44,2
DA:47,3
DA:49,3
DA:50,3
DA:51,4
DA:52,3
DA:53,3
DA:54,3
DA:55,6
DA:56,3
DA:57,3
DA:58,3
DA:59,3
DA:60,4
DA:64,3
DA:68,3
DA:69,5
DA:70,7
DA:71,5
DA:72,5
DA:73,5
DA:74,7
DA:75,5
DA:76,5
DA:77,5
DA:78,5
DA:79,15
DA:83,1
DA:84,1
DA:85,1
DA:86,1
DA:87,1
DA:88,1
DA:89,1
DA:90,1
DA:91,1
DA:92,1
DA:93,1
DA:94,1
DA:95,1
LF:46
LH:46
end_of_record
SF:lib/src/utils/helper_util.dart
DA:8,114
DA:10,1
DA:32,3
DA:35,1
LF:4
LH:4
end_of_record
SF:lib/src/helpers/deep_collection_equality.dart
DA:2,59
DA:3,9
DA:5,27
DA:7,8
DA:8,5
DA:9,4
DA:10,1
DA:11,4
DA:12,4
DA:15,4
DA:18,1
DA:19,1
DA:20,3
DA:21,2
DA:22,1
DA:23,1
DA:24,1
DA:26,2
DA:27,2
DA:33,1
DA:36,5
DA:37,15
DA:38,8
DA:39,16
DA:47,4
DA:49,12
DA:51,8
DA:52,12
DA:53,12
DA:64,1
DA:65,3
DA:66,2
DA:67,1
LF:33
LH:33
end_of_record
SF:lib/src/recipes/container/container_mixture.dart
DA:18,4
DA:31,0
DA:43,0
DA:47,0
DA:48,0
DA:49,0
DA:50,0
DA:51,0
DA:52,0
DA:53,0
DA:54,0
DA:55,0
DA:56,0
DA:57,0
DA:61,1
DA:74,1
DA:75,1
DA:76,1
DA:77,1
DA:78,1
DA:79,1
DA:80,1
DA:81,1
DA:82,1
DA:83,0
DA:84,0
DA:88,1
DA:90,1
DA:91,3
DA:92,3
DA:93,3
DA:94,3
DA:95,3
DA:96,4
DA:97,2
DA:98,3
DA:99,3
DA:100,3
DA:104,0
DA:105,0
DA:106,0
DA:107,0
DA:108,0
DA:109,0
DA:110,0
DA:111,0
DA:112,0
DA:113,0
DA:114,0
DA:115,0
LF:50
LH:23
end_of_record
SF:lib/src/recipes/flex/flex_mixture.dart
DA:20,3
DA:32,0
DA:43,1
DA:44,2
DA:46,0
DA:49,1
DA:51,1
DA:53,3
DA:55,3
DA:56,3
DA:58,3
DA:59,3
DA:60,3
DA:61,3
DA:62,3
DA:63,3
DA:67,0
DA:69,0
DA:70,0
DA:71,0
DA:72,0
DA:73,0
DA:74,0
DA:75,0
DA:76,0
DA:77,0
DA:78,0
DA:82,1
DA:94,1
DA:95,0
DA:96,0
DA:97,0
DA:98,0
DA:99,0
DA:100,0
DA:101,0
DA:102,0
DA:103,0
DA:107,1
DA:108,1
DA:109,1
DA:110,1
DA:111,1
DA:112,1
DA:113,1
DA:114,1
DA:115,1
DA:116,1
DA:117,1
LF:49
LH:27
end_of_record
SF:lib/src/recipes/image/image_mixture.dart
DA:17,0
DA:25,0
DA:32,0
DA:33,0
DA:35,0
DA:38,0
DA:40,0
DA:41,0
DA:42,0
DA:43,0
DA:44,0
DA:45,0
DA:49,0
DA:51,0
DA:52,0
DA:53,0
DA:54,0
DA:55,0
DA:56,0
DA:60,0
DA:69,0
DA:70,0
DA:71,0
DA:72,0
DA:73,0
DA:74,0
DA:78,0
DA:79,0
LF:28
LH:0
end_of_record
SF:lib/src/recipes/stack/stack_mixture.dart
DA:11,3
DA:18,1
DA:20,1
DA:21,3
DA:22,2
DA:23,2
DA:24,2
DA:28,0
DA:30,0
DA:31,0
DA:32,0
DA:33,0
DA:34,0
DA:38,1
DA:45,1
DA:46,0
DA:47,0
DA:48,0
DA:49,0
DA:53,1
DA:54,5
LF:21
LH:11
end_of_record
SF:lib/src/recipes/text/text_mixture.dart
DA:19,4
DA:34,0
DA:57,2
DA:60,6
DA:63,0
DA:67,0
DA:68,0
DA:69,0
DA:70,0
DA:71,0
DA:72,0
DA:73,0
DA:74,0
DA:75,0
DA:76,0
DA:77,0
DA:78,0
DA:82,1
DA:86,1
DA:87,3
DA:88,3
DA:89,3
DA:91,3
DA:92,3
DA:93,3
DA:94,3
DA:96,3
DA:97,3
DA:98,3
DA:99,3
DA:103,1
DA:117,1
DA:118,0
DA:119,0
DA:120,0
DA:121,0
DA:122,0
DA:123,0
DA:124,0
DA:125,0
DA:126,0
DA:127,0
DA:128,0
DA:132,1
DA:133,1
DA:134,1
DA:135,1
DA:136,1
DA:137,1
DA:138,1
DA:139,1
DA:140,1
DA:141,1
DA:142,1
DA:143,1
DA:144,1
LF:56
LH:31
end_of_record
SF:lib/src/theme/tokens/breakpoints.dart
DA:15,59
DA:20,2
DA:21,12
DA:43,58
DA:45,0
DA:46,0
LF:6
LH:4
end_of_record
SF:lib/src/theme/tokens/mix_token.dart
DA:15,183
DA:17,0
DA:18,0
DA:21,0
DA:22,0
DA:25,0
DA:26,0
DA:29,4
DA:31,4
DA:35,9
DA:37,21
DA:40,5
DA:41,20
DA:56,62
DA:59,58
DA:61,5
DA:62,18
DA:64,11
DA:69,0
DA:70,0
DA:73,0
DA:74,0
LF:22
LH:12
end_of_record
SF:lib/src/theme/tokens/radius_token.dart
DA:15,60
DA:17,1
DA:19,1
DA:20,2
DA:32,2
DA:34,1
DA:38,4
DA:41,1
DA:42,2
DA:51,1
DA:53,0
DA:57,0
DA:60,3
DA:62,3
DA:64,3
DA:66,3
LF:16
LH:14
end_of_record
SF:lib/src/theme/tokens/space_token.dart
DA:32,59
DA:34,1
DA:35,3
LF:3
LH:3
end_of_record
SF:lib/src/helpers/string_ext.dart
DA:5,36
DA:7,24
DA:8,12
DA:9,12
DA:10,12
DA:14,12
DA:15,12
DA:16,12
DA:17,24
DA:19,36
DA:20,12
DA:21,60
DA:23,24
DA:27,12
DA:30,24
DA:31,24
DA:34,24
DA:35,12
DA:42,6
DA:44,6
DA:46,3
DA:47,15
DA:48,3
DA:49,9
DA:52,3
DA:55,18
DA:57,4
DA:58,4
DA:59,8
DA:60,8
DA:62,12
DA:63,20
DA:66,8
DA:68,8
DA:70,44
DA:72,3
DA:73,15
DA:75,1
DA:76,2
DA:77,1
DA:79,3
DA:81,1
DA:86,55
DA:87,10
LF:44
LH:44
end_of_record
SF:lib/src/attributes/border/border_radius_util.dart
DA:13,56
DA:15,1
DA:16,2
DA:20,1
DA:21,3
DA:25,1
DA:26,3
DA:30,1
DA:31,3
DA:35,1
DA:36,3
DA:40,1
DA:41,3
DA:50,1
DA:51,1
DA:52,2
DA:57,1
DA:58,1
DA:59,2
DA:64,1
DA:65,1
DA:66,2
DA:71,1
DA:72,1
DA:73,2
DA:78,3
DA:81,1
DA:87,1
DA:94,2
DA:97,2
DA:122,2
DA:123,2
DA:124,2
DA:125,2
DA:126,2
DA:129,4
DA:135,1
DA:137,1
DA:138,3
DA:141,1
DA:142,3
DA:145,1
DA:146,3
DA:149,1
DA:150,3
DA:153,1
DA:154,3
DA:162,0
DA:192,0
DA:193,0
DA:194,0
DA:195,0
DA:196,0
DA:201,1
DA:207,1
DA:215,3
LF:56
LH:50
end_of_record
SF:lib/src/attributes/border/border_util.dart
DA:13,55
DA:15,0
DA:17,0
DA:18,0
DA:20,0
DA:22,0
DA:24,0
DA:26,0
DA:28,0
DA:30,0
DA:32,0
DA:34,0
DA:36,0
DA:38,0
DA:40,0
DA:49,0
DA:55,0
DA:58,0
DA:64,0
DA:76,56
DA:78,2
DA:79,2
DA:80,4
DA:84,1
DA:85,3
DA:88,1
DA:89,3
DA:92,1
DA:93,3
DA:96,1
DA:97,3
DA:100,1
DA:101,1
DA:102,4
DA:106,1
DA:107,1
DA:108,4
DA:112,2
DA:118,2
DA:125,4
DA:128,0
DA:134,0
DA:145,4
DA:147,1
DA:149,1
DA:150,3
DA:153,1
DA:154,3
DA:157,1
DA:158,3
DA:161,1
DA:162,3
DA:165,1
DA:166,1
DA:167,4
DA:171,1
DA:172,1
DA:173,4
DA:177,1
DA:178,1
DA:179,4
DA:183,1
DA:189,1
DA:196,2
DA:199,0
DA:205,0
DA:215,2
DA:217,2
DA:219,2
DA:221,2
DA:223,2
DA:225,2
DA:231,2
DA:232,2
DA:238,4
LF:75
LH:53
end_of_record
SF:lib/src/attributes/constraints/constraints_util.dart
DA:8,55
DA:16,2
DA:24,2
DA:32,2
DA:40,2
DA:42,1
DA:48,2
DA:49,1
LF:8
LH:8
end_of_record
SF:lib/src/attributes/decoration/decoration_util.dart
DA:21,55
DA:23,3
DA:31,3
DA:40,6
DA:43,0
DA:44,0
DA:47,1
DA:48,3
DA:51,1
DA:52,1
DA:53,1
DA:54,1
DA:58,1
DA:59,3
DA:62,1
DA:63,2
DA:64,1
DA:68,1
DA:69,2
DA:70,2
DA:74,1
DA:75,2
DA:76,1
DA:80,3
DA:88,3
DA:89,2
DA:90,2
DA:91,1
DA:92,0
DA:93,0
LF:30
LH:26
end_of_record
SF:lib/src/attributes/gradient/gradient_util.dart
DA:12,56
DA:20,1
DA:21,2
DA:24,2
DA:25,4
DA:28,1
DA:29,2
DA:32,2
DA:33,2
DA:34,2
DA:35,2
DA:36,4
DA:37,1
DA:38,2
DA:40,0
DA:41,0
DA:49,56
DA:51,1
DA:52,3
DA:55,0
DA:56,0
DA:59,1
DA:60,3
DA:63,0
DA:64,0
DA:67,1
DA:68,3
DA:71,0
DA:72,0
DA:75,0
DA:77,0
DA:79,1
DA:80,3
DA:83,1
DA:93,1
DA:100,4
DA:104,2
DA:111,57
DA:113,1
DA:114,2
DA:115,3
DA:119,1
DA:120,2
DA:121,3
DA:125,1
DA:126,1
DA:127,4
DA:131,0
DA:132,0
DA:133,0
DA:137,0
DA:139,0
DA:141,2
DA:142,6
DA:145,1
DA:153,1
DA:158,2
DA:162,2
DA:169,56
DA:171,1
DA:172,2
DA:173,3
DA:177,0
DA:178,0
DA:179,0
DA:183,0
DA:184,0
DA:185,0
DA:189,1
DA:190,2
DA:191,3
DA:195,0
DA:196,0
DA:197,0
DA:201,0
DA:203,0
DA:205,1
DA:206,3
DA:209,1
DA:218,1
DA:224,2
DA:228,2
LF:82
LH:56
end_of_record
SF:lib/src/attributes/scalars/scalar_util.dart
DA:11,780
DA:13,8
DA:15,13
DA:16,13
DA:24,56
DA:26,5
DA:30,0
DA:35,0
DA:39,115
DA:43,57
DA:45,0
DA:46,3
DA:47,0
DA:48,3
DA:49,6
DA:50,3
DA:51,0
DA:52,0
DA:53,0
DA:54,0
DA:56,0
DA:57,0
DA:60,0
DA:61,2
DA:62,0
DA:63,2
DA:64,4
DA:65,2
DA:66,0
DA:67,0
DA:68,0
DA:69,0
DA:83,55
DA:96,0
DA:112,0
DA:114,0
DA:130,55
DA:132,0
DA:133,0
DA:152,1
DA:153,3
DA:154,3
DA:170,57
DA:171,3
DA:172,3
DA:173,6
DA:174,6
DA:189,1
DA:190,3
DA:191,3
DA:196,0
DA:211,56
DA:212,3
DA:213,3
DA:228,2
DA:229,3
DA:230,6
DA:231,3
DA:246,1
DA:247,0
DA:248,3
DA:263,1
DA:264,3
DA:265,0
DA:266,0
DA:267,0
DA:282,0
DA:284,0
DA:302,55
DA:304,0
DA:305,0
DA:306,0
DA:307,0
DA:308,0
DA:309,0
DA:324,1
DA:325,3
DA:326,3
DA:327,3
DA:329,3
DA:330,3
DA:331,3
DA:347,1
DA:348,3
DA:349,3
DA:350,3
DA:351,3
DA:352,3
DA:367,1
DA:368,3
DA:369,3
DA:380,0
DA:397,1
DA:398,3
DA:399,3
DA:400,3
DA:401,3
DA:414,0
DA:416,0
DA:420,0
DA:439,1
DA:440,3
DA:441,3
DA:442,3
DA:443,3
DA:444,3
DA:445,3
DA:446,3
DA:460,1
DA:462,3
DA:463,3
DA:464,3
DA:465,3
DA:466,3
DA:467,3
DA:468,3
DA:469,3
DA:470,3
DA:471,3
DA:472,3
DA:473,3
DA:474,3
DA:475,0
DA:476,0
DA:477,0
DA:478,0
DA:479,0
DA:480,0
DA:481,0
DA:482,0
DA:483,0
DA:484,0
DA:485,0
DA:486,0
DA:487,0
DA:488,0
DA:489,0
DA:490,0
DA:507,2
DA:508,6
DA:509,3
DA:526,1
DA:527,3
DA:528,0
DA:547,1
DA:549,3
DA:550,0
DA:551,0
DA:552,0
DA:569,1
DA:571,3
DA:572,0
DA:590,1
DA:592,3
DA:594,0
DA:596,4
DA:617,1
DA:619,0
DA:620,0
DA:621,0
DA:622,3
DA:623,0
DA:640,2
DA:642,3
DA:643,6
DA:661,1
DA:662,3
DA:663,3
DA:664,3
DA:681,1
DA:682,3
DA:683,3
DA:704,1
DA:705,3
DA:706,3
DA:707,3
DA:708,3
DA:709,3
DA:710,3
LF:179
LH:115
end_of_record
SF:lib/src/attributes/shadow/shadow_util.dart
DA:11,56
DA:13,1
DA:14,1
DA:20,2
DA:23,0
DA:24,0
DA:27,0
DA:28,0
DA:31,0
DA:32,0
DA:35,1
DA:36,1
DA:37,1
DA:46,56
DA:48,1
DA:49,4
DA:56,55
DA:58,0
DA:59,0
DA:62,0
DA:63,0
DA:66,0
DA:67,0
DA:70,0
DA:71,0
DA:74,0
DA:80,0
DA:87,0
DA:94,56
DA:96,1
DA:97,2
DA:99,4
DA:102,0
DA:103,0
DA:104,0
DA:105,0
DA:106,0
DA:107,0
DA:108,0
DA:109,0
DA:110,0
DA:111,0
DA:112,0
LF:43
LH:15
end_of_record
SF:lib/src/attributes/spacing/spacing_util.dart
DA:30,57
DA:32,1
DA:33,2
DA:43,1
DA:44,1
DA:45,2
DA:57,1
DA:58,1
DA:59,2
DA:71,1
DA:72,1
DA:73,1
DA:74,1
DA:86,1
DA:87,3
DA:98,1
DA:99,3
DA:110,1
DA:111,3
DA:122,1
DA:123,3
DA:134,0
DA:135,0
DA:146,0
DA:147,0
DA:155,2
DA:163,4
DA:164,2
DA:190,2
DA:204,2
DA:233,1
DA:248,1
DA:264,1
DA:278,0
DA:280,0
DA:281,0
DA:294,1
DA:296,3
DA:308,1
DA:310,3
DA:322,0
DA:324,0
DA:336,0
DA:338,0
DA:350,0
DA:352,0
DA:364,0
DA:366,0
DA:367,0
DA:376,2
DA:378,4
DA:380,4
DA:382,4
DA:384,4
DA:386,4
DA:388,4
DA:390,3
LF:57
LH:41
end_of_record
SF:lib/src/attributes/text_directives_util.dart
DA:6,3
DA:7,3
DA:8,3
DA:9,3
DA:10,3
DA:12,1
DA:13,4
DA:16,0
DA:21,0
DA:23,2
DA:24,4
DA:25,2
DA:26,2
DA:27,2
LF:14
LH:12
end_of_record
SF:lib/src/attributes/text_style/text_style_util.dart
DA:44,57
DA:46,1
DA:68,1
DA:91,2
DA:100,0
DA:101,0
DA:115,1
DA:116,3
DA:130,1
DA:131,3
DA:142,1
DA:143,1
DA:144,2
DA:158,0
DA:159,0
DA:173,0
DA:174,0
DA:188,0
DA:189,0
DA:203,0
DA:204,0
DA:218,0
DA:219,0
DA:241,1
DA:242,4
DA:245,1
DA:246,1
DA:247,2
DA:251,1
DA:252,3
DA:255,0
DA:256,0
DA:259,0
DA:260,0
DA:263,0
DA:264,0
DA:267,0
DA:269,0
DA:271,0
DA:273,2
DA:275,2
DA:277,1
DA:278,1
DA:280,0
DA:282,0
DA:284,0
DA:285,0
DA:287,0
DA:288,0
DA:290,0
DA:292,2
DA:315,2
DA:323,2
DA:324,1
DA:325,4
DA:328,1
DA:339,4
DA:344,0
DA:346,0
DA:347,0
DA:350,0
DA:351,0
DA:354,0
DA:355,0
DA:358,0
DA:359,0
DA:362,0
DA:363,0
DA:366,0
DA:367,0
DA:370,0
DA:371,0
DA:372,0
DA:376,0
DA:377,0
DA:379,0
DA:389,0
DA:400,0
LF:78
LH:29
end_of_record
SF:lib/src/decorators/clip_decorator.dart
DA:10,3
DA:12,1
DA:14,1
DA:15,2
DA:16,1
DA:20,0
DA:21,0
DA:23,2
DA:25,2
DA:26,2
DA:27,2
DA:28,2
DA:38,3
DA:40,1
DA:42,1
DA:43,1
DA:44,2
DA:48,0
DA:49,0
DA:51,2
DA:53,2
DA:54,2
DA:55,2
DA:56,2
DA:66,2
DA:68,1
DA:70,1
DA:71,2
DA:72,1
DA:76,0
DA:77,0
DA:79,1
DA:81,1
DA:82,1
DA:83,1
DA:84,1
DA:95,3
DA:102,1
DA:104,1
DA:105,2
DA:106,2
DA:107,1
DA:111,0
DA:112,0
DA:114,1
DA:116,1
DA:117,1
DA:118,1
DA:119,1
DA:120,1
DA:127,0
DA:133,0
DA:135,0
DA:140,0
DA:148,0
DA:150,0
DA:151,0
DA:152,0
DA:153,0
DA:155,0
DA:161,55
DA:162,0
DA:164,0
DA:165,0
DA:166,0
DA:167,0
DA:168,0
DA:173,0
LF:68
LH:43
end_of_record
SF:lib/src/decorators/default_decorators.dart
DA:9,2
DA:11,1
DA:14,0
DA:15,0
DA:17,1
DA:19,3
DA:24,0
DA:26,0
DA:29,0
DA:30,0
DA:32,0
DA:34,0
DA:40,3
DA:42,1
DA:44,1
DA:45,1
DA:46,2
DA:50,0
DA:51,0
DA:53,2
DA:55,2
DA:56,2
DA:57,2
DA:58,2
DA:66,2
DA:68,1
DA:71,0
DA:72,0
DA:74,1
DA:75,3
DA:80,2
DA:82,1
DA:85,0
DA:86,0
DA:88,1
DA:90,3
DA:95,2
DA:97,1
DA:100,0
DA:101,0
DA:103,1
DA:105,3
LF:42
LH:26
end_of_record
SF:lib/src/decorators/widget_decorator_wrapper.dart
DA:6,0
DA:12,0
DA:14,0
LF:3
LH:0
end_of_record
SF:lib/src/deprecations.dart
DA:12,0
DA:14,0
DA:17,0
DA:19,0
DA:22,0
DA:26,0
DA:29,0
DA:31,0
DA:34,0
DA:38,0
DA:40,0
DA:43,0
DA:45,0
DA:48,0
DA:52,0
DA:55,0
DA:59,0
DA:62,0
DA:64,0
DA:73,0
DA:74,0
DA:75,0
DA:76,0
DA:77,0
DA:78,0
DA:79,0
DA:80,0
DA:81,0
DA:82,0
DA:83,0
DA:84,0
DA:87,0
DA:89,0
DA:93,0
DA:96,0
DA:99,0
DA:102,0
DA:105,0
DA:108,0
DA:111,0
DA:114,0
DA:117,0
DA:120,0
DA:123,0
DA:126,0
DA:129,0
DA:135,0
DA:137,0
DA:141,0
DA:202,0
DA:203,0
DA:206,0
DA:207,0
DA:210,0
DA:211,0
DA:214,0
DA:215,0
DA:218,0
DA:219,0
DA:222,0
DA:223,0
DA:226,0
DA:227,0
DA:230,0
DA:231,0
DA:234,0
DA:235,0
DA:238,0
DA:239,0
DA:242,0
DA:243,0
DA:246,0
DA:247,0
DA:250,0
DA:251,0
DA:254,0
DA:255,0
DA:258,0
DA:259,0
DA:262,0
DA:263,0
DA:266,0
DA:267,0
DA:270,0
DA:271,0
DA:274,0
DA:275,0
DA:278,0
DA:279,0
DA:286,0
DA:287,0
DA:294,0
DA:297,0
DA:300,0
DA:303,0
DA:306,0
DA:309,0
DA:312,0
DA:315,0
DA:318,0
DA:323,0
DA:325,0
DA:327,0
DA:329,0
DA:331,0
DA:333,0
DA:335,0
DA:337,0
DA:339,0
DA:342,0
DA:345,0
DA:353,0
DA:354,0
DA:356,0
DA:357,0
DA:359,0
DA:360,0
DA:363,0
DA:365,0
DA:367,0
DA:370,0
DA:372,0
DA:375,0
DA:377,0
DA:380,0
DA:382,0
DA:385,0
DA:387,0
DA:390,0
DA:392,0
DA:395,0
DA:397,0
DA:407,0
DA:410,0
DA:413,0
DA:416,0
DA:419,0
DA:422,0
DA:425,0
DA:428,0
DA:431,0
DA:434,0
DA:439,0
DA:441,0
DA:444,0
DA:446,0
DA:449,0
DA:451,0
DA:455,0
DA:457,0
DA:461,0
DA:463,0
DA:466,0
DA:468,0
DA:471,0
DA:473,0
DA:476,0
DA:478,0
DA:481,0
DA:483,0
DA:487,0
DA:490,0
DA:493,0
DA:496,0
DA:499,0
DA:502,0
DA:505,0
DA:508,0
DA:511,0
DA:514,0
DA:517,0
DA:520,0
DA:523,0
DA:526,0
DA:529,0
DA:532,0
DA:535,0
DA:538,0
DA:541,0
DA:544,0
DA:547,0
DA:550,0
DA:553,0
DA:556,0
DA:559,0
DA:562,0
DA:565,0
DA:568,0
DA:571,0
DA:574,0
DA:577,0
DA:580,0
DA:583,0
DA:589,3
DA:592,0
DA:598,0
DA:602,0
DA:605,0
DA:609,0
DA:612,0
DA:614,0
DA:617,0
DA:619,0
DA:620,0
LF:204
LH:1
end_of_record
SF:lib/src/factory/mix_provider.dart
DA:13,3
DA:16,4
DA:17,4
DA:21,0
DA:22,0
DA:24,0
DA:33,0
DA:34,0
DA:48,3
DA:53,3
DA:58,6
LF:11
LH:6
end_of_record
SF:lib/src/factory/style_group.dart
DA:4,0
LF:1
LH:0
end_of_record
SF:lib/src/factory/style_mix_ext.dart
DA:12,1
DA:18,1
DA:19,1
DA:26,1
DA:33,1
DA:41,1
DA:48,1
DA:49,1
DA:56,1
DA:63,1
DA:64,1
DA:71,1
DA:79,1
DA:82,1
DA:88,1
DA:95,1
DA:96,1
DA:103,1
DA:110,1
DA:111,1
DA:118,1
DA:125,1
DA:127,1
LF:23
LH:23
end_of_record
SF:lib/src/recipes/container/container_util.dart
DA:145,0
DA:146,0
DA:152,3
DA:154,3
DA:156,3
DA:158,3
DA:177,55
DA:179,0
DA:191,0
DA:192,0
DA:207,0
DA:208,0
DA:211,0
DA:212,0
DA:215,0
DA:216,0
DA:217,0
DA:221,0
DA:222,0
DA:223,0
DA:227,0
DA:228,0
DA:229,0
DA:233,0
DA:234,0
DA:235,0
DA:239,0
DA:240,0
DA:243,0
DA:244,0
DA:247,0
DA:248,0
DA:251,0
DA:252,0
DA:253,0
DA:257,0
DA:269,0
DA:270,0
DA:271,0
DA:272,0
DA:273,0
DA:274,0
DA:275,0
DA:276,0
DA:277,0
DA:278,0
DA:279,0
DA:282,0
LF:48
LH:5
end_of_record
SF:lib/src/recipes/container/container_widget.dart
DA:11,2
DA:15,2
DA:17,2
DA:18,2
DA:19,0
DA:22,4
DA:23,2
DA:24,2
DA:26,2
DA:28,4
DA:34,3
DA:39,3
DA:41,3
DA:42,6
DA:43,6
DA:44,6
DA:45,6
DA:46,6
DA:47,6
DA:48,6
DA:49,6
DA:50,6
DA:51,6
DA:52,3
LF:24
LH:23
end_of_record
SF:lib/src/recipes/flex/flex_util.dart
DA:7,0
DA:10,0
DA:12,0
DA:14,0
DA:15,0
DA:18,0
DA:19,0
DA:20,0
DA:24,0
DA:25,0
DA:26,0
DA:30,0
DA:31,0
DA:32,0
DA:36,0
DA:37,0
DA:38,0
DA:42,0
DA:43,0
DA:44,0
DA:48,0
DA:49,0
DA:50,0
DA:54,0
DA:55,0
DA:58,0
DA:59,0
DA:62,0
DA:63,0
DA:65,0
DA:76,0
DA:88,0
LF:32
LH:0
end_of_record
SF:lib/src/recipes/flex/flex_widget.dart
DA:30,1
DA:41,1
DA:43,1
DA:44,1
DA:45,0
DA:48,2
DA:49,1
DA:50,1
DA:52,1
DA:54,1
DA:55,1
DA:58,1
DA:59,0
DA:60,0
DA:61,0
DA:65,1
DA:67,1
DA:68,1
DA:75,1
DA:86,1
DA:88,1
DA:89,1
DA:91,3
DA:92,3
DA:94,3
DA:96,3
DA:97,1
DA:119,1
DA:124,1
DA:144,1
DA:149,1
DA:171,1
DA:182,1
DA:184,2
DA:185,2
DA:186,2
DA:188,1
DA:190,1
DA:192,1
DA:193,1
DA:216,1
DA:221,1
DA:241,1
DA:246,1
LF:44
LH:40
end_of_record
SF:lib/src/recipes/icon/icon_attribute.dart
DA:11,168
DA:13,1
DA:14,1
DA:17,3
DA:19,12
DA:22,1
DA:26,1
DA:27,2
DA:28,2
DA:32,0
DA:33,0
LF:11
LH:9
end_of_record
SF:lib/src/recipes/icon/icon_mixture.dart
DA:11,5
DA:13,0
DA:17,2
DA:18,4
DA:20,0
DA:23,2
DA:25,2
DA:26,6
DA:27,6
DA:31,0
DA:33,0
DA:36,2
DA:42,2
DA:45,0
DA:46,0
LF:15
LH:9
end_of_record
SF:lib/src/recipes/icon/icon_util.dart
DA:12,55
DA:14,0
DA:15,0
DA:18,0
DA:19,0
DA:22,1
DA:23,2
LF:7
LH:3
end_of_record
SF:lib/src/recipes/icon/icon_widget.dart
DA:8,1
DA:21,1
DA:23,1
DA:24,1
DA:25,0
DA:28,2
DA:29,1
DA:30,1
DA:32,1
DA:34,1
DA:35,1
DA:36,1
DA:37,1
DA:38,1
DA:39,1
DA:46,0
DA:61,0
DA:63,0
DA:65,0
DA:68,0
DA:69,0
DA:70,0
DA:72,0
DA:74,0
DA:75,0
DA:76,0
DA:77,0
DA:78,0
DA:79,0
DA:80,0
LF:30
LH:14
end_of_record
SF:lib/src/recipes/image/image_util.dart
DA:12,55
DA:14,0
DA:15,0
DA:18,0
DA:19,0
DA:20,0
DA:24,0
DA:25,0
DA:28,0
DA:35,0
DA:38,0
LF:11
LH:1
end_of_record
SF:lib/src/recipes/stack/stack_util.dart
DA:11,55
DA:13,1
DA:19,1
DA:26,2
DA:29,1
DA:30,3
DA:33,1
DA:34,3
DA:37,1
DA:38,1
DA:39,2
DA:43,1
DA:44,3
DA:47,0
DA:53,0
LF:15
LH:13
end_of_record
SF:lib/src/recipes/stack/stack_widget.dart
DA:11,1
DA:19,1
DA:21,1
DA:22,1
DA:23,0
DA:26,2
DA:27,1
DA:28,1
DA:30,1
DA:32,2
DA:38,1
DA:43,1
DA:45,1
DA:46,2
DA:47,2
DA:48,2
DA:49,2
DA:50,1
DA:56,1
DA:65,1
DA:67,2
DA:68,2
DA:69,2
DA:71,1
DA:73,2
LF:25
LH:24
end_of_record
SF:lib/src/recipes/text/text_util.dart
DA:16,55
DA:18,0
DA:19,0
DA:22,0
DA:23,0
DA:26,0
DA:27,0
DA:30,0
DA:31,0
DA:32,0
DA:36,0
DA:37,0
DA:40,2
DA:41,6
DA:44,0
DA:45,0
DA:46,0
DA:50,0
DA:51,0
DA:52,0
DA:56,0
DA:57,0
DA:58,0
DA:62,0
DA:63,0
DA:66,0
DA:67,0
DA:70,2
DA:83,2
DA:97,4
DA:100,0
DA:113,0
DA:115,0
DA:119,0
DA:127,0
LF:35
LH:6
end_of_record
SF:lib/src/recipes/text/text_widget.dart
DA:8,1
DA:21,1
DA:23,1
DA:25,0
DA:28,2
DA:29,1
DA:30,1
DA:32,1
DA:34,1
DA:35,2
DA:36,1
DA:37,1
DA:38,1
DA:39,1
DA:40,1
DA:41,1
DA:42,1
DA:43,1
DA:44,1
DA:45,1
DA:46,1
DA:47,1
LF:22
LH:21
end_of_record
SF:lib/src/theme/tokens/material_tokens.dart
DA:12,3
DA:17,3
DA:22,3
DA:27,3
DA:32,3
DA:37,3
DA:42,3
DA:47,3
DA:52,3
DA:57,3
DA:62,3
DA:67,3
DA:70,1
DA:79,3
DA:83,3
DA:87,3
DA:91,3
DA:95,3
DA:99,3
DA:103,3
DA:107,3
DA:111,3
DA:115,3
DA:119,3
DA:123,3
DA:127,3
DA:131,3
DA:135,3
DA:140,3
DA:144,3
DA:148,3
DA:152,3
DA:156,3
DA:160,3
DA:164,3
DA:168,3
DA:172,3
DA:176,3
DA:180,3
DA:184,3
DA:188,3
DA:191,1
DA:194,3
DA:195,3
DA:201,1
DA:205,3
DA:206,3
DA:210,0
DA:211,0
DA:212,0
DA:213,0
DA:214,0
DA:215,0
DA:216,0
DA:217,0
DA:218,0
DA:219,0
DA:220,0
DA:221,0
DA:225,0
DA:226,0
DA:227,0
DA:228,0
DA:229,0
DA:230,0
DA:231,0
DA:232,0
DA:233,0
DA:234,0
DA:235,0
DA:236,0
DA:237,0
DA:238,0
DA:239,0
DA:240,0
DA:241,0
DA:242,0
DA:243,0
DA:244,0
DA:245,0
DA:246,0
DA:247,0
DA:248,0
DA:249,0
DA:250,0
DA:251,0
DA:252,0
LF:87
LH:47
end_of_record
SF:lib/src/theme/tokens/token_util.dart
DA:7,0
DA:18,1
DA:23,56
DA:24,2
DA:25,2
DA:26,2
DA:27,2
DA:28,2
DA:29,2
DA:33,55
DA:37,55
LF:11
LH:10
end_of_record
SF:lib/src/utils/context_variant_util/on_breakpoint_util.dart
DA:12,3
DA:15,3
DA:18,3
DA:21,3
DA:28,0
DA:29,0
DA:34,0
DA:36,0
DA:37,0
DA:38,0
DA:39,0
DA:41,0
DA:51,1
DA:52,1
DA:53,3
DA:54,1
DA:55,2
DA:57,1
DA:59,1
DA:61,1
LF:20
LH:12
end_of_record
SF:lib/src/utils/context_variant_util/on_brightness_util.dart
DA:10,9
DA:13,9
DA:20,3
DA:21,3
DA:22,9
DA:23,3
DA:24,9
LF:7
LH:7
end_of_record
SF:lib/src/utils/context_variant_util/on_directionality_util.dart
DA:7,3
DA:10,3
DA:19,1
DA:20,1
DA:21,3
DA:22,3
LF:6
LH:6
end_of_record
SF:lib/src/utils/context_variant_util/on_helper_util.dart
DA:12,4
DA:13,4
DA:14,8
DA:15,12
LF:4
LH:4
end_of_record
SF:lib/src/utils/context_variant_util/on_orientation_util.dart
DA:9,3
DA:14,3
DA:23,1
DA:24,1
DA:25,3
DA:26,1
DA:27,2
LF:7
LH:7
end_of_record
SF:lib/src/utils/decorators_util.dart
DA:21,0
DA:22,0
DA:24,1
DA:25,1
DA:32,55
DA:37,2
DA:38,0
DA:39,2
DA:41,1
DA:42,1
DA:47,55
DA:48,3
DA:49,3
DA:50,3
DA:52,3
DA:56,55
LF:16
LH:13
end_of_record
SF:lib/src/utils/pressable_util.dart
DA:9,3
DA:10,3
DA:11,3
DA:12,6
DA:14,8
DA:16,3
DA:18,1
DA:19,1
DA:21,2
DA:25,2
DA:26,2
DA:27,6
DA:28,2
DA:29,2
DA:31,4
LF:15
LH:15
end_of_record
SF:lib/src/widgets/empty_widget.dart
DA:4,1
DA:6,0
LF:2
LH:1
end_of_record
SF:lib/src/widgets/gap_widget.dart
DA:9,1
DA:13,1
DA:15,2
DA:18,0
DA:20,0
DA:27,1
DA:30,1
DA:31,1
DA:33,1
DA:34,1
DA:38,0
DA:39,0
DA:40,0
DA:41,0
DA:42,0
DA:45,1
DA:47,1
DA:48,1
DA:52,2
DA:53,0
DA:54,1
DA:55,2
DA:56,0
DA:57,1
DA:58,1
DA:59,3
DA:60,3
DA:63,1
DA:68,0
DA:70,0
DA:71,0
LF:31
LH:19
end_of_record
SF:lib/src/widgets/pressable/pressable.notifier.dart
DA:6,3
DA:13,3
DA:14,3
DA:21,1
DA:23,6
LF:5
LH:5
end_of_record
SF:lib/src/widgets/pressable/pressable_widget.dart
DA:7,1
DA:27,1
DA:30,1
DA:36,1
DA:38,1
DA:39,4
DA:42,1
DA:43,4
DA:46,0
DA:48,0
DA:49,0
DA:50,0
DA:54,1
DA:56,4
DA:57,1
DA:65,5
DA:67,1
DA:68,4
DA:73,1
DA:77,1
DA:81,1
DA:89,0
DA:90,0
DA:91,0
DA:92,0
DA:97,0
DA:98,0
DA:101,1
DA:103,1
DA:104,1
DA:105,1
DA:107,3
DA:108,2
DA:109,1
DA:110,0
DA:111,0
DA:112,0
DA:113,0
DA:114,0
DA:115,2
DA:116,0
DA:117,0
DA:118,2
DA:119,1
DA:120,1
DA:121,1
DA:122,2
DA:123,0
DA:124,0
DA:125,2
DA:126,1
DA:127,1
DA:128,1
DA:129,2
LF:54
LH:35
end_of_record
SF:lib/src/widgets/styled_widget.dart
DA:8,3
DA:22,3
DA:23,6
DA:31,0
LF:4
LH:3
end_of_record
SF:lib/src/attributes/color/color_util.dart
DA:9,55
DA:14,0
LF:2
LH:1
end_of_record
SF:lib/src/attributes/scalars/scalar_attribute_util.dart
DA:17,55
DA:25,55
DA:32,55
DA:39,55
DA:46,55
DA:48,1
DA:49,3
DA:59,55
DA:65,55
DA:71,55
DA:77,55
LF:11
LH:11
end_of_record
SF:lib/src/helpers/build_context_ext.dart
DA:8,8
DA:13,2
DA:16,2
DA:19,0
DA:22,3
DA:25,2
DA:28,3
DA:31,3
DA:34,2
DA:37,3
DA:40,3
DA:43,3
LF:12
LH:11
end_of_record
